*------------------------------------------------------------*
Użytkownik:          rilld8
Data:                30 grudnia 2016
Czas:                08:20:58
Instalacja:          70115216
Platforma:           X64_8HOME
Numer maintenance = : 9.04.01M3P062415
Wersja EM:           14.1
* 
MPRINT(EM_DIAGRAM):    data _null_;
MPRINT(EM_DIAGRAM):   call symput('NLDATE', strip(put(date(), NLDATE.)));
MPRINT(EM_DIAGRAM):   call symput('NLTIME', strip(put(datetime(), NLTIME.)));
MPRINT(EM_DIAGRAM):   run;
MPRINT(EM_DIAGRAM):   data _null_;
MPRINT(EM_DIAGRAM):   nldate= sasmsg("sashelp.dmine", "log_date_note", 'N', "30 grudnia 2016" );
MPRINT(EM_DIAGRAM):   nltime= sasmsg("sashelp.dmine", "log_time_note", 'N', "08:20:52" );
MPRINT(EM_DIAGRAM):   put "*------------------------------------------------------------*";
MPRINT(EM_DIAGRAM):   put "* Log uczenia";
MPRINT(EM_DIAGRAM):   put nldate;
MPRINT(EM_DIAGRAM):   put nltime;
MPRINT(EM_DIAGRAM):   put "*------------------------------------------------------------*";
MPRINT(EM_DIAGRAM):   run;
*------------------------------------------------------------*
* Log uczenia
Data:                30 grudnia 2016
Czas:                08:20:52
*------------------------------------------------------------*
MPRINT(EM_DIAGRAM):    filename O1Z826SM "C:\Studia\DataMining\SASEM\FrekwencjaWyborcza\Workspaces\EMWS1\Part\EMTRAIN.out" encoding="UTF-8" NOBOM;
MPRINT(EM_DIAGRAM):   proc printto print=O1Z826SM new;
MPRINT(EM_DIAGRAM):   run;
MPRINT(EM_DIAGRAM):    filename _LOG "C:\Studia\DataMining\SASEM\FrekwencjaWyborcza\Workspaces\EMWS1\Part\EMLOG.log" encoding="UTF-8" NOBOM;
MPRINT(EM_DIAGRAM):    data _null_;
MPRINT(EM_DIAGRAM):   call symput('NLDATE', strip(put(date(), NLDATE.)));
MPRINT(EM_DIAGRAM):   call symput('NLTIME', strip(put(datetime(), NLTIME.)));
MPRINT(EM_DIAGRAM):   run;
MPRINT(EM_DIAGRAM):   data _null_;
MPRINT(EM_DIAGRAM):   nldate= sasmsg("sashelp.dmine", "log_date_note", 'N', "30 grudnia 2016" );
MPRINT(EM_DIAGRAM):   nltime= sasmsg("sashelp.dmine", "log_time_note", 'N', "08:20:52" );
MPRINT(EM_DIAGRAM):   file _LOG;
MPRINT(EM_DIAGRAM):   put "*------------------------------------------------------------*";
MPRINT(EM_DIAGRAM):   put "Użytkownik:          rilld8";
MPRINT(EM_DIAGRAM):   put nldate;
MPRINT(EM_DIAGRAM):   put nltime;
MPRINT(EM_DIAGRAM):   put "Instalacja:          70115216";
MPRINT(EM_DIAGRAM):   put "Platforma:           X64_8HOME";
MPRINT(EM_DIAGRAM):   put "Numer maintenance = : 9.04.01M3P062415";
MPRINT(EM_DIAGRAM):   put "Wersja EM:           14.1";
MPRINT(EM_DIAGRAM):   put "* ";
MPRINT(EM_DIAGRAM):   run;
MPRINT(EM_DIAGRAM):    filename _LOGIN "C:\Studia\DataMining\SASEM\FrekwencjaWyborcza\Workspaces\EMWS1\Part\EMTRAIN.log" encoding="UTF-8" NOBOM;
MPRINT(EM_COPYFILE):   data _null_;
MPRINT(EM_COPYFILE):   length line $20000;
MPRINT(EM_COPYFILE):   file _LOG MOD lrecl=20000;
MPRINT(EM_COPYFILE):   fid=fopen("_LOGIN",'i',20000,'v');
MPRINT(EM_COPYFILE):   if fid > 0 then do;
MPRINT(EM_COPYFILE):   do while(^fread(fid));
MPRINT(EM_COPYFILE):   rlen = frlen(fid);
MPRINT(EM_COPYFILE):   rc= fget(fid,line,20000);
MPRINT(EM_COPYFILE):   start = length(line)-length(left(line))+1;
MPRINT(EM_COPYFILE):   line=strip(line);
MPRINT(EM_COPYFILE):   put @start line;
MPRINT(EM_COPYFILE):   end;
MPRINT(EM_COPYFILE):   if fid > 0 then rc=fclose(fid);
MPRINT(EM_COPYFILE):   end;
MPRINT(EM_COPYFILE):   run;
MPRINT(EM_DIAGRAM):  ;
MPRINT(EM_DIAGRAM):   filename _LOGIN;
MPRINT(EM_DIAGRAM):    data _null_;
MPRINT(EM_DIAGRAM):   file _LOG mod;
MPRINT(EM_DIAGRAM):   put _page_;
MPRINT(EM_DIAGRAM):   run;
MPRINT(EM_DIAGRAM):   filename _LOGIN "C:\Studia\DataMining\SASEM\FrekwencjaWyborcza\Workspaces\EMWS1\Part\EMSCORE.log" encoding="UTF-8" NOBOM;
MPRINT(EM_DIAGRAM):  ;
MPRINT(EM_DIAGRAM):   data _null_;
MPRINT(EM_DIAGRAM):   file _LOG mod;
MPRINT(EM_DIAGRAM):   put _page_;
MPRINT(EM_DIAGRAM):   run;
MPRINT(EM_DIAGRAM):    filename _LOGIN "C:\Studia\DataMining\SASEM\FrekwencjaWyborcza\Workspaces\EMWS1\Part\EMREPORT.log" encoding="UTF-8" NOBOM;
MPRINT(EM_DIAGRAM):  ;
MPRINT(EM_DIAGRAM):   filename _LOGIN;
MPRINT(EM_DIAGRAM):    filename _LOG;
MPRINT(EM_DIAGRAM):    filename _OUT "C:\Studia\DataMining\SASEM\FrekwencjaWyborcza\Workspaces\EMWS1\Part\EMOUTPUT.out" encoding="UTF-8" NOBOM;
MPRINT(EM_DIAGRAM):    data _null_;
MPRINT(EM_DIAGRAM):   call symput('NLDATE', strip(put(date(), NLDATE.)));
MPRINT(EM_DIAGRAM):   call symput('NLTIME', strip(put(datetime(), NLTIME.)));
MPRINT(EM_DIAGRAM):   run;
MPRINT(EM_DIAGRAM):   data _null_;
MPRINT(EM_DIAGRAM):   nldate= sasmsg("sashelp.dmine", "log_date_note", 'N', "30 grudnia 2016" );
MPRINT(EM_DIAGRAM):   nltime= sasmsg("sashelp.dmine", "log_time_note", 'N', "08:20:52" );
MPRINT(EM_DIAGRAM):   file _OUT;
MPRINT(EM_DIAGRAM):   put "*------------------------------------------------------------*";
MPRINT(EM_DIAGRAM):   put "Użytkownik:          rilld8";
MPRINT(EM_DIAGRAM):   put nldate;
MPRINT(EM_DIAGRAM):   put nltime;
MPRINT(EM_DIAGRAM):   put "*------------------------------------------------------------*";
MPRINT(EM_DIAGRAM):   put "* Wynik uczenia";
MPRINT(EM_DIAGRAM):   put "*------------------------------------------------------------*";
MPRINT(EM_DIAGRAM):   run;
MPRINT(EM_DIAGRAM):    filename _OUTIN "C:\Studia\DataMining\SASEM\FrekwencjaWyborcza\Workspaces\EMWS1\Part\EMTRAIN.out" encoding="UTF-8" NOBOM;
MPRINT(EM_DIAGRAM):   ;
MPRINT(EM_COPYFILE):   data _null_;
MPRINT(EM_COPYFILE):   length line $20000;
MPRINT(EM_COPYFILE):   file _OUT MOD lrecl=20000;
MPRINT(EM_COPYFILE):   fid=fopen("_OUTIN",'i',20000,'v');
MPRINT(EM_COPYFILE):   if fid > 0 then do;
MPRINT(EM_COPYFILE):   do while(^fread(fid));
MPRINT(EM_COPYFILE):   rlen = frlen(fid);
MPRINT(EM_COPYFILE):   rc= fget(fid,line,20000);
MPRINT(EM_COPYFILE):   start = length(line)-length(left(line))+1;
MPRINT(EM_COPYFILE):   line=strip(line);
MPRINT(EM_COPYFILE):   put @start line;
MPRINT(EM_COPYFILE):   end;
MPRINT(EM_COPYFILE):   if fid > 0 then rc=fclose(fid);
MPRINT(EM_COPYFILE):   end;
MPRINT(EM_COPYFILE):   run;
MPRINT(EM_DIAGRAM):  ;
MPRINT(EM_DIAGRAM):   filename _OUTIN;
MPRINT(EM_DIAGRAM):    data _null_;
MPRINT(EM_DIAGRAM):   file _OUT mod;
MPRINT(EM_DIAGRAM):   put _page_;
MPRINT(EM_DIAGRAM):   put // "*------------------------------------------------------------*";
MPRINT(EM_DIAGRAM):   put "* Wynik scoringu";
MPRINT(EM_DIAGRAM):   put "*------------------------------------------------------------*";
MPRINT(EM_DIAGRAM):   run;
MPRINT(EM_DIAGRAM):    filename _OUTIN "C:\Studia\DataMining\SASEM\FrekwencjaWyborcza\Workspaces\EMWS1\Part\EMSCORE.out" encoding="UTF-8" NOBOM;
MPRINT(EM_DIAGRAM):  ;
MPRINT(EM_DIAGRAM):   filename _OUTIN;
MPRINT(EM_DIAGRAM):    data _null_;
MPRINT(EM_DIAGRAM):   file _OUT mod;
MPRINT(EM_DIAGRAM):   put _page_;
MPRINT(EM_DIAGRAM):   put // "*------------------------------------------------------------*";
MPRINT(EM_DIAGRAM):   put "* Wynik raportu";
MPRINT(EM_DIAGRAM):   put "*------------------------------------------------------------*";
MPRINT(EM_DIAGRAM):   run;
MPRINT(EM_DIAGRAM):    filename _OUTIN "C:\Studia\DataMining\SASEM\FrekwencjaWyborcza\Workspaces\EMWS1\Part\EMREPORT.out" encoding="UTF-8" NOBOM;
MPRINT(EM_DIAGRAM):  ;
MPRINT(EM_DIAGRAM):   filename _OUTIN;
MPRINT(EM_DIAGRAM):    filename _OUT;
MPRINT(EM_DIAGRAM):    filename _emtool_ 'C:\Studia\DataMining\SASEM\FrekwencjaWyborcza\Workspaces\EMWS1\Part\EMRUNSTATUS.xml' encoding="UTF-8" NOBOM;
MPRINT(EM_DIAGRAM):    filename _emtool_ 'C:\Studia\DataMining\SASEM\FrekwencjaWyborcza\Workspaces\EMWS1\Part\EMRUNSTATUS.xml' encoding="UTF-8" NOBOM;
17188      proc freq data=EMWS1.Part_VariableSet noprint;
MPRINT(EM_DIAGRAM):    proc freq data=EMWS1.Part_VariableSet noprint;
17189      table ROLE*LEVEL/out=WORK.PartMETA;
MPRINT(EM_DIAGRAM):   table ROLE*LEVEL/out=WORK.PartMETA;
17190      run;
MPRINT(EM_DIAGRAM):   run;
 
NOTE: There were 27 observations read from the data set EMWS1.PART_VARIABLESET.
NOTE: The data set WORK.PARTMETA has 4 observations and 4 variables.
NOTE: PROCEDURE FREQ used (Total process time):
      real time           0.09 seconds
      cpu time            0.04 seconds
 
 
17191      proc print data=WORK.PartMETA label noobs;
MPRINT(EM_DIAGRAM):   proc print data=WORK.PartMETA label noobs;
17192      var ROLE LEVEL COUNT;
MPRINT(EM_DIAGRAM):   var ROLE LEVEL COUNT;
17193      label ROLE = "%sysfunc(sasmsg(sashelp.dmine, meta_role_vlabel, NOQUOTE))" LEVEL = "%sysfunc(sasmsg(sashelp.dmine, meta_level_vlabel, NOQUOTE))" COUNT = "%sysfunc(sasmsg(sashelp.dmine, rpt_count_vlabel, NOQUOTE))";
MPRINT(EM_DIAGRAM):   label ROLE = "Rola" LEVEL = "Poziom miary" COUNT = "Liczba wystąpień";
17194      title9 ' ';
MPRINT(EM_DIAGRAM):   title9 ' ';
17195      title10 "%sysfunc(sasmsg(sashelp.dmine, rpt_varSummary_title  , NOQUOTE))";
MPRINT(EM_DIAGRAM):   title10 "Podsumowanie zmiennych";
MPRINT(EM_DIAGRAM):   run;
17196      run;
 
NOTE: There were 4 observations read from the data set WORK.PARTMETA.
NOTE: The PROCEDURE PRINT printed page 1.
NOTE: PROCEDURE PRINT used (Total process time):
      real time           0.06 seconds
      cpu time            0.06 seconds
 
 
17197      title10;
MPRINT(EM_DIAGRAM):   title10;
MPRINT(EM_DIAGRAM):    *------------------------------------------------------------*;
MPRINT(EM_DIAGRAM):   * Part: Przygotowanie metadanych do uczenia;
MPRINT(EM_DIAGRAM):   *------------------------------------------------------------*;
MPRINT(EM_DIAGRAM):   data WORK.M0SD7ARG;
MPRINT(EM_DIAGRAM):   set WORK.M0SD7ARG;
MPRINT(EM_DIAGRAM):   where(PARTITIONROLE ne '' or ROLE='TARGET');
MPRINT(EM_DIAGRAM):   run;
trainPct=60 validatePct=20 testPct=20
NOTE: View EMWS1.IDS_DATA.VIEW used (Total process time):
      real time           0.05 seconds
      cpu time            0.04 seconds
 
17205      *------------------------------------------------------------*;
MPRINT(EM_DIAGRAM):    *------------------------------------------------------------*;
17206      * Part: Retrieving stratification variable(s) levels;
MPRINT(EM_DIAGRAM):   * Part: Retrieving stratification variable(s) levels;
17207      *------------------------------------------------------------*;
MPRINT(EM_DIAGRAM):   *------------------------------------------------------------*;
17208      proc freq data=EMWS1.Ids_DATA noprint;
MPRINT(EM_DIAGRAM):   proc freq data=EMWS1.Ids_DATA noprint;
17209      format
17210      vote V26_F.
17211      ;
MPRINT(EM_DIAGRAM):   format vote V26_F. ;
17212      table
17213      vote
17214      /out=WORK.Part_FREQ(drop=percent);
MPRINT(EM_DIAGRAM):   table vote /out=WORK.Part_FREQ(drop=percent);
17215      run;
MPRINT(EM_DIAGRAM):   run;
 
NOTE: View EMWS1.IDS_DATA.VIEW used (Total process time):
      real time           0.18 seconds
      cpu time            0.17 seconds
 
NOTE: There were 2806 observations read from the data set SASUSER.DE_ESS_DM.
NOTE: There were 2806 observations read from the data set EMWS1.IDS_DATA.
NOTE: The data set WORK.PART_FREQ has 2 observations and 2 variables.
NOTE: PROCEDURE FREQ used (Total process time):
      real time           0.20 seconds
      cpu time            0.20 seconds
 
 
17216      proc sort data=WORK.Part_FREQ;
MPRINT(EM_DIAGRAM):    proc sort data=WORK.Part_FREQ;
17217      by descending count;
MPRINT(EM_DIAGRAM):   by descending count;
17218      run;
MPRINT(EM_DIAGRAM):   run;
 
NOTE: There were 2 observations read from the data set WORK.PART_FREQ.
NOTE: The data set WORK.PART_FREQ has 2 observations and 2 variables.
NOTE: PROCEDURE SORT used (Total process time):
      real time           0.02 seconds
      cpu time            0.01 seconds
 
 
MPRINT(EM_DIAGRAM):   * Part: Retrieving levels that meet minimum requirement;
17219      * Part: Retrieving levels that meet minimum requirement;
17220      data WORK.Part_FREQ2(keep = count);
MPRINT(EM_DIAGRAM):   data WORK.Part_FREQ2(keep = count);
17221      set WORK.Part_FREQ;
MPRINT(EM_DIAGRAM):   set WORK.Part_FREQ;
17222      where (.01 * 60 * count) >= 3;
MPRINT(EM_DIAGRAM):   where (.01 * 60 * count) >= 3;
17223      run;
MPRINT(EM_DIAGRAM):   run;
 
NOTE: There were 2 observations read from the data set WORK.PART_FREQ.
      WHERE (0.6*count)>=3;
NOTE: The data set WORK.PART_FREQ2 has 2 observations and 1 variables.
NOTE: DATA statement used (Total process time):
      real time           0.02 seconds
      cpu time            0.03 seconds
 
 
17224      *------------------------------------------------------------*;
MPRINT(EM_DIAGRAM):    *------------------------------------------------------------*;
17225      * Part: Create stratified partitioning;
MPRINT(EM_DIAGRAM):   * Part: Create stratified partitioning;
17226      *------------------------------------------------------------*;
MPRINT(EM_DIAGRAM):   *------------------------------------------------------------*;
17227      data
17228      EMWS1.Part_TRAIN(label="")
17229      EMWS1.Part_VALIDATE(label="")
17230      EMWS1.Part_TEST(label="")
17231      ;
MPRINT(EM_DIAGRAM):   data EMWS1.Part_TRAIN(label="") EMWS1.PART_VALIDATE(label="") EMWS1.PART_TEST(label="") ;
17232      retain _seed_ 12345;
MPRINT(EM_DIAGRAM):   retain _seed_ 12345;
17233      drop _seed_ _genvalue_;
MPRINT(EM_DIAGRAM):   drop _seed_ _genvalue_;
17234      call ranuni(_seed_, _genvalue_);
MPRINT(EM_DIAGRAM):   call ranuni(_seed_, _genvalue_);
17235      label _dataobs_ = "%sysfunc(sasmsg(sashelp.dmine, sample_dataobs_vlabel, NOQUOTE))";
MPRINT(EM_DIAGRAM):   label _dataobs_ = "Numer obserwacji";
17236      _dataobs_ = _N_;
MPRINT(EM_DIAGRAM):   _dataobs_ = _N_;
17237      drop _c00:;
MPRINT(EM_DIAGRAM):   drop _c00:;
17238      set EMWS1.Ids_DATA;
MPRINT(EM_DIAGRAM):   set EMWS1.Ids_DATA;
17239      length _Pformat1 $58;
MPRINT(EM_DIAGRAM):   length _Pformat1 $58;
17240      drop _Pformat1;
MPRINT(EM_DIAGRAM):   drop _Pformat1;
17241      _Pformat1 = strip(put(vote, V26_F.));
MPRINT(EM_DIAGRAM):   _Pformat1 = strip(put(vote, V26_F.));
17242      if
17243      _Pformat1 = 'Yes'
17244      then do;
MPRINT(EM_DIAGRAM):   if _Pformat1 = 'Yes' then do;
17245      if (2344+1-_C000004)*_genvalue_ <= (1406 - _C000001) then do;
MPRINT(EM_DIAGRAM):   if (2344+1-_C000004)*_genvalue_ <= (1406 - _C000001) then do;
17246      _C000001 + 1;
MPRINT(EM_DIAGRAM):   _C000001 + 1;
17247      output EMWS1.Part_TRAIN;
MPRINT(EM_DIAGRAM):   output EMWS1.Part_TRAIN;
17248      end;
MPRINT(EM_DIAGRAM):   end;
17249      else do;
MPRINT(EM_DIAGRAM):   else do;
17250      if (2344+1-_C000004)*_genvalue_ <= (1406 - _C000001 + 469 - _C000002) then do;
MPRINT(EM_DIAGRAM):   if (2344+1-_C000004)*_genvalue_ <= (1406 - _C000001 + 469 - _C000002) then do;
17251      _C000002 + 1;
MPRINT(EM_DIAGRAM):   _C000002 + 1;
17252      output EMWS1.Part_VALIDATE;
MPRINT(EM_DIAGRAM):   output EMWS1.Part_VALIDATE;
17253      end;
MPRINT(EM_DIAGRAM):   end;
17254      else do;
MPRINT(EM_DIAGRAM):   else do;
17255      _C000003 + 1;
MPRINT(EM_DIAGRAM):   _C000003 + 1;
17256      output EMWS1.Part_TEST;
MPRINT(EM_DIAGRAM):   output EMWS1.Part_TEST;
17257      end;
MPRINT(EM_DIAGRAM):   end;
17258      end;
MPRINT(EM_DIAGRAM):   end;
17259      _C000004+1;
MPRINT(EM_DIAGRAM):   _C000004+1;
17260      end;
MPRINT(EM_DIAGRAM):   end;
17261      else if
17262      _Pformat1 = 'No'
17263      then do;
MPRINT(EM_DIAGRAM):   else if _Pformat1 = 'No' then do;
17264      if (462+1-_C000008)*_genvalue_ <= (277 - _C000005) then do;
MPRINT(EM_DIAGRAM):   if (462+1-_C000008)*_genvalue_ <= (277 - _C000005) then do;
17265      _C000005 + 1;
MPRINT(EM_DIAGRAM):   _C000005 + 1;
17266      output EMWS1.Part_TRAIN;
MPRINT(EM_DIAGRAM):   output EMWS1.Part_TRAIN;
17267      end;
MPRINT(EM_DIAGRAM):   end;
17268      else do;
MPRINT(EM_DIAGRAM):   else do;
17269      if (462+1-_C000008)*_genvalue_ <= (277 - _C000005 + 92 - _C000006) then do;
MPRINT(EM_DIAGRAM):   if (462+1-_C000008)*_genvalue_ <= (277 - _C000005 + 92 - _C000006) then do;
17270      _C000006 + 1;
MPRINT(EM_DIAGRAM):   _C000006 + 1;
17271      output EMWS1.Part_VALIDATE;
MPRINT(EM_DIAGRAM):   output EMWS1.Part_VALIDATE;
17272      end;
MPRINT(EM_DIAGRAM):   end;
17273      else do;
MPRINT(EM_DIAGRAM):   else do;
17274      _C000007 + 1;
MPRINT(EM_DIAGRAM):   _C000007 + 1;
17275      output EMWS1.Part_TEST;
MPRINT(EM_DIAGRAM):   output EMWS1.Part_TEST;
17276      end;
MPRINT(EM_DIAGRAM):   end;
17277      end;
MPRINT(EM_DIAGRAM):   end;
17278      _C000008+1;
MPRINT(EM_DIAGRAM):   _C000008+1;
17279      end;
MPRINT(EM_DIAGRAM):   end;
17280      run;
MPRINT(EM_DIAGRAM):   run;
 
NOTE: View EMWS1.IDS_DATA.VIEW used (Total process time):
      real time           0.18 seconds
      cpu time            0.18 seconds
 
NOTE: There were 2806 observations read from the data set SASUSER.DE_ESS_DM.
NOTE: There were 2806 observations read from the data set EMWS1.IDS_DATA.
NOTE: The data set EMWS1.PART_TRAIN has 1681 observations and 28 variables.
NOTE: The data set EMWS1.PART_VALIDATE has 561 observations and 28 variables.
NOTE: The data set EMWS1.PART_TEST has 564 observations and 28 variables.
NOTE: DATA statement used (Total process time):
      real time           0.23 seconds
      cpu time            0.25 seconds
 
 
17281      data _tempNobs;
MPRINT(EM_DIAGRAM):    data _tempNobs;
17282      length Type $8 Table $32 Nobs 8;
MPRINT(EM_DIAGRAM):   length Type $8 Table $32 Nobs 8;
17283      label type= "%sysfunc(sasmsg(sashelp.dmine, meta_type_vlabel,    NOQUOTE))" table = "%sysfunc(sasmsg(sashelp.dmine, meta_dataset_vlabel, NOQUOTE))" nobs = "%sysfunc(sasmsg(sashelp.dmine,  rpt_numObs_vlabel,   NOQUOTE))";
MPRINT(EM_DIAGRAM):   label type= "Typ" table = "Zbiór" nobs = "Liczba obserwacji";
17284      type='DATA';
MPRINT(EM_DIAGRAM):   type='DATA';
17285      table="EMWS1.Ids_DATA";
MPRINT(EM_DIAGRAM):   table="EMWS1.Ids_DATA";
17286      Nobs=2806;
MPRINT(EM_DIAGRAM):   Nobs=2806;
17287      output;
MPRINT(EM_DIAGRAM):   output;
17288      type='TRAIN';
MPRINT(EM_DIAGRAM):   type='TRAIN';
17289      table="EMWS1.Part_TRAIN";
MPRINT(EM_DIAGRAM):   table="EMWS1.Part_TRAIN";
17290      Nobs=1681;
MPRINT(EM_DIAGRAM):   Nobs=1681;
17291      output;
MPRINT(EM_DIAGRAM):   output;
17292      type='VALIDATE';
MPRINT(EM_DIAGRAM):   type='VALIDATE';
17293      table="EMWS1.Part_VALIDATE";
MPRINT(EM_DIAGRAM):   table="EMWS1.Part_VALIDATE";
17294      Nobs=561;
MPRINT(EM_DIAGRAM):   Nobs=561;
17295      output;
MPRINT(EM_DIAGRAM):   output;
17296      type='TEST';
MPRINT(EM_DIAGRAM):   type='TEST';
17297      table="EMWS1.Part_TEST";
MPRINT(EM_DIAGRAM):   table="EMWS1.Part_TEST";
17298      Nobs=564;
MPRINT(EM_DIAGRAM):   Nobs=564;
17299      output;
MPRINT(EM_DIAGRAM):   output;
17300      run;
MPRINT(EM_DIAGRAM):   run;
 
NOTE: The data set WORK._TEMPNOBS has 4 observations and 3 variables.
NOTE: DATA statement used (Total process time):
      real time           0.04 seconds
      cpu time            0.04 seconds
 
 
17301      %let _cn = %sysfunc(getoption(CENTER));
17302      %let _nb = %sysfunc(getoption(NUMBER));
17303      options nonumber nocenter;
MPRINT(EM_DIAGRAM):   options nonumber nocenter;
17304      proc print data=_tempNobs noobs label;
MPRINT(EM_DIAGRAM):   proc print data=_tempNobs noobs label;
17305      title9 ' ';
MPRINT(EM_DIAGRAM):   title9 ' ';
17306      title10 "%sysfunc(sasmsg(sashelp.dmine, rpt_partitionSummary_title, NOQUOTE))";
MPRINT(EM_DIAGRAM):   title10 "Podsumowanie partycjonowania";
MPRINT(EM_DIAGRAM):   run;
17307      run;
 
NOTE: There were 4 observations read from the data set WORK._TEMPNOBS.
NOTE: The PROCEDURE PRINT printed page 2.
NOTE: PROCEDURE PRINT used (Total process time):
      real time           0.01 seconds
      cpu time            0.01 seconds
 
 
17308      title10;
MPRINT(EM_DIAGRAM):   title10;
17309      options &_cn &_nb;
MPRINT(EM_DIAGRAM):   options NOCENTER NONUMBER;
MPRINT(EM_DIAGRAM):   run;
17310      run;
 
MPRINT(EM_DIAGRAM):    proc printto;
MPRINT(EM_DIAGRAM):   run;
MPRINT(EM_DIAGRAM):    data _null_;
MPRINT(EM_DIAGRAM):   call symput('NLDATE', strip(put(date(), NLDATE.)));
MPRINT(EM_DIAGRAM):   call symput('NLTIME', strip(put(datetime(), NLTIME.)));
MPRINT(EM_DIAGRAM):   run;
MPRINT(EM_DIAGRAM):   data _null_;
MPRINT(EM_DIAGRAM):   nldate= sasmsg("sashelp.dmine", "log_date_note", 'N', "30 grudnia 2016" );
MPRINT(EM_DIAGRAM):   nltime= sasmsg("sashelp.dmine", "log_time_note", 'N', "08:20:54" );
MPRINT(EM_DIAGRAM):   put "*------------------------------------------------------------*";
MPRINT(EM_DIAGRAM):   put "* Log scoringu";
MPRINT(EM_DIAGRAM):   put nldate;
MPRINT(EM_DIAGRAM):   put nltime;
MPRINT(EM_DIAGRAM):   put "*------------------------------------------------------------*";
MPRINT(EM_DIAGRAM):   run;
*------------------------------------------------------------*
* Log scoringu
Data:                30 grudnia 2016
Czas:                08:20:54
*------------------------------------------------------------*
MPRINT(EM_DIAGRAM):    filename O2TR9ZKG "C:\Studia\DataMining\SASEM\FrekwencjaWyborcza\Workspaces\EMWS1\Part\EMSCORE.out" encoding="UTF-8" NOBOM;
MPRINT(EM_DIAGRAM):   proc printto print=O2TR9ZKG new;
MPRINT(EM_DIAGRAM):   run;
17412      *------------------------------------------------------------*;
MPRINT(EM_DIAGRAM):    *------------------------------------------------------------*;
17413      * Part: Computing metadata for TRAIN data;
MPRINT(EM_DIAGRAM):   * Part: Computing metadata for TRAIN data;
17414      *------------------------------------------------------------*;
MPRINT(EM_DIAGRAM):   *------------------------------------------------------------*;
 
MPRINT(EM_DIAGRAM):    *------------------------------------------------------------*;
MPRINT(EM_DIAGRAM):   * &nodeid: Computing Metadata for TRAIN data;
MPRINT(EM_DIAGRAM):   *------------------------------------------------------------*;
MPRINT(EM_DIAGRAM):   filename _delta "C:\Studia\DataMining\SASEM\FrekwencjaWyborcza\Workspaces\EMWS1\Part\CDELTA_TRAIN.sas";
MPRINT(EMADVISECOLUMNS):   proc display c=sashelp.emmeta.advisecolumns.scl;
MPRINT(EMADVISECOLUMNS):   run;
MPRINT(EMADVISECOLUMNS):    options validvarname=any;
MPRINT(EMADVISECOLUMNS):   proc contents data=EMWS1.Part_TRAIN out=_tempAdvisor noprint;
MPRINT(EMADVISECOLUMNS):   run;
MPRINT(EMADVISECOLUMNS):   options validvarname=V7;
MPRINT(EMADVISECOLUMNS):    data _null_;
MPRINT(EMADVISECOLUMNS):   dsid = open('EMWS1.Part_TRAIN');
MPRINT(EMADVISECOLUMNS):   call symput('_dsidTable', strip(put(dsid, best.)));
MPRINT(EMADVISECOLUMNS):   if dsid then do;
MPRINT(EMADVISECOLUMNS):   call symput('_engineTable', attrc(dsid, 'ENGINE'));
MPRINT(EMADVISECOLUMNS):   dsid = close(dsid);
MPRINT(EMADVISECOLUMNS):   end;
MPRINT(EMADVISECOLUMNS):   run;
MPRINT(EMADVISECOLUMNS):    options fmterr;
MPRINT(EMADVISECOLUMNS):   data _metaTestView;
MPRINT(EMADVISECOLUMNS):   set EMWS1.Part_TRAIN;
MPRINT(EMADVISECOLUMNS):   if _N_=1 then do;
MPRINT(EMADVISECOLUMNS):   output;
MPRINT(EMADVISECOLUMNS):   stop;
MPRINT(EMADVISECOLUMNS):   end;
MPRINT(EMADVISECOLUMNS):   run;
MPRINT(EMADVISECOLUMNS):    proc contents data=EMWS1.Part_TRAIN out=WORK.M062IV01 noprint;
MPRINT(EMADVISECOLUMNS):   run;
MPRINT(EMADVISECOLUMNS):    data WORK.M062IV01;
MPRINT(EMADVISECOLUMNS):   length NAME $ 64 TYPE $ 1 LABEL $ 200 FORMAT $ 36 INFORMAT $36 INDEX $ 1 INDEXTYPE $ 9;
MPRINT(EMADVISECOLUMNS):   label NAME =;
MPRINT(EMADVISECOLUMNS):   set WORK.M062IV01(keep=name type length label format formatl formatd informat informl informd idxusage rename=(type=itype));
MPRINT(EMADVISECOLUMNS):   if itype = 1 then type = 'N';
MPRINT(EMADVISECOLUMNS):   else type = 'C';
MPRINT(EMADVISECOLUMNS):   if formatl > 0 then do;
MPRINT(EMADVISECOLUMNS):   if format ne '' then do;
MPRINT(EMADVISECOLUMNS):   if type='N' then format = strip(format)!!strip(put(formatl, best12.))!!'.'!!strip(put(formatd, best12.));
MPRINT(EMADVISECOLUMNS):   else format = strip(format)!!strip(put(formatl, best12.))!!'.';
MPRINT(EMADVISECOLUMNS):   end;
MPRINT(EMADVISECOLUMNS):   else format = strip(put(formatl, best12.))!!'.'!!strip(put(formatd, best12.));
MPRINT(EMADVISECOLUMNS):   end;
MPRINT(EMADVISECOLUMNS):   else if format ne '' then format = strip(format)!!'.';
MPRINT(EMADVISECOLUMNS):   if informl > 0 then do;
MPRINT(EMADVISECOLUMNS):   if informat ne ' ' then do;
MPRINT(EMADVISECOLUMNS):   if type='N' then informat = strip(informat)!!strip(put(informl, best12.))!!'.'!!strip(put(informd, best12.));
MPRINT(EMADVISECOLUMNS):   else informat = strip(informat)!!strip(put(informl, best12.))!!'.';
MPRINT(EMADVISECOLUMNS):   end;
MPRINT(EMADVISECOLUMNS):   else informat = strip(put(informl, best12.))!!'.'!!strip(put(informd, best12.));
MPRINT(EMADVISECOLUMNS):   end;
MPRINT(EMADVISECOLUMNS):   else if informat ne '' then informat = strip(informat)!!'.';
MPRINT(EMADVISECOLUMNS):   if idxusage = 'NONE' then index ="N";
MPRINT(EMADVISECOLUMNS):   else index = "Y";
MPRINT(EMADVISECOLUMNS):   indextype = idxusage;
MPRINT(EMADVISECOLUMNS):   drop idxusage itype formatl formatd informl informd;
MPRINT(EMADVISECOLUMNS):   run;
MPRINT(EMADVISECOLUMNS):    data WORK.M062IV01;
MPRINT(EMADVISECOLUMNS):   length UNAME $64;
MPRINT(EMADVISECOLUMNS):   set WORK.M062IV01;
MPRINT(EMADVISECOLUMNS):   UNAME = upcase(NAME);
MPRINT(EMADVISECOLUMNS):   run;
MPRINT(EMADVISECOLUMNS):    proc sort data=WORK.M1N36UAV NOTHREADS;
MPRINT(EMADVISECOLUMNS):   by UNAME;
MPRINT(EMADVISECOLUMNS):   run;
MPRINT(EMADVISECOLUMNS):    data WORK.M1N36UAV;
MPRINT(EMADVISECOLUMNS):   drop UNAME;
MPRINT(EMADVISECOLUMNS):   set WORK.M1N36UAV;
MPRINT(EMADVISECOLUMNS):   run;
MPRINT(EMADVISECOLUMNS):    data WORK.M08WIY_6(keep=NAME ATTR);
MPRINT(EMADVISECOLUMNS):   length ATTR $ 20;
MPRINT(EMADVISECOLUMNS):   set WORK.M1N36UAV;
MPRINT(EMADVISECOLUMNS):   if level ne "INTERVAL" then do;
MPRINT(EMADVISECOLUMNS):   if order = ' ' then do;
MPRINT(EMADVISECOLUMNS):   attr = 'ORDER';
MPRINT(EMADVISECOLUMNS):   output;
MPRINT(EMADVISECOLUMNS):   end;
MPRINT(EMADVISECOLUMNS):   end;
MPRINT(EMADVISECOLUMNS):   if format ne ' ' and formattype = ' ' then do;
MPRINT(EMADVISECOLUMNS):   attr = 'FORMATTYPE';
MPRINT(EMADVISECOLUMNS):   output;
MPRINT(EMADVISECOLUMNS):   end;
MPRINT(EMADVISECOLUMNS):   if role = ' ' then do;
MPRINT(EMADVISECOLUMNS):   attr = 'ROLE';
MPRINT(EMADVISECOLUMNS):   output;
MPRINT(EMADVISECOLUMNS):   end;
MPRINT(EMADVISECOLUMNS):   if level = ' ' then do;
MPRINT(EMADVISECOLUMNS):   attr = 'LEVEL';
MPRINT(EMADVISECOLUMNS):   output;
MPRINT(EMADVISECOLUMNS):   end;
MPRINT(EMADVISECOLUMNS):   if type = ' ' then do;
MPRINT(EMADVISECOLUMNS):   attr = 'TYPE';
MPRINT(EMADVISECOLUMNS):   output;
MPRINT(EMADVISECOLUMNS):   end;
MPRINT(EMADVISECOLUMNS):   if index = ' ' then do;
MPRINT(EMADVISECOLUMNS):   attr = 'INDEX';
MPRINT(EMADVISECOLUMNS):   output;
MPRINT(EMADVISECOLUMNS):   end;
MPRINT(EMADVISECOLUMNS):   if report = ' ' then do;
MPRINT(EMADVISECOLUMNS):   attr = 'REPORT';
MPRINT(EMADVISECOLUMNS):   output;
MPRINT(EMADVISECOLUMNS):   end;
MPRINT(EMADVISECOLUMNS):   run;
MPRINT(EMADVISECOLUMNS):   proc sort NOTHREADS;
MPRINT(EMADVISECOLUMNS):   by attr;
MPRINT(EMADVISECOLUMNS):   run;
MPRINT(EMADVISECOLUMNS):    data WORK.M1N36UAV;
MPRINT(EMADVISECOLUMNS):   length NAME $64 ROLE $ 32 LEVEL $ 10 ORDER $ 8 CREATOR $32 FORMATTYPE $ 10 FAMILY $ 10 LOWERLIMIT 8 UPPERLIMIT 8 REPORT $1 DISTRIBUTION $ 20 COMMENT $64;
MPRINT(EMADVISECOLUMNS):   length levelAssigned 8 roleAssigned 8 PRICE 8;
MPRINT(EMADVISECOLUMNS):   set WORK.M1N36UAV;
MPRINT(EMADVISECOLUMNS):   if formattype = ' ' then do;
MPRINT(EMADVISECOLUMNS):   if format ne ' ' then do;
MPRINT(EMADVISECOLUMNS):   if type = 'N' then do;
MPRINT(EMADVISECOLUMNS):   pos = indexc(format,'.1234567890');
MPRINT(EMADVISECOLUMNS):   if pos > 1 then tempfmt = substr(format,1, pos-1);
MPRINT(EMADVISECOLUMNS):   else tempfmt = ' ';
MPRINT(EMADVISECOLUMNS):   flen = length(tempfmt);
MPRINT(EMADVISECOLUMNS):   select;
MPRINT(EMADVISECOLUMNS):   when(tempfmt in ("DATE" "DAY" "DDMMYY" "DOWNAME" "JULDAY" "JULIAN" "MMDDYY" "MMDDYYD" "MMDDYYC" "MMDDYYN" "MMDDYYP" "MMDDYYS" "MONNAME" "MONTH" "MONYY" "NENGO" "QTR" "QTRR" "WEEKDATE" "WEEKDATX" "WEEKDAY" "WORDDATE" "WORDDATX"
"YEAR" "YYMMDD" "YYMON" "YYMMDDC" "YYMMDDD" "YYMMDDN" "YYMMDDP" "YYMMDDS" "EURDFDE" "NJDATE" "NLDATE" "EURDFDD" "EURDFDWN" "EURDFMN" "EURDFMY" "EURDFWK" "EURDFWKX" "EURDFWDX" "EURDFDN" "EURDFDE" )) formattype = 'DATE';
MPRINT(EMADVISECOLUMNS):   when(tempfmt in ("DATETIME" "EURDFDT" "TOD" )) formattype = "DATETIME";
MPRINT(EMADVISECOLUMNS):   when(tempfmt in ("HHMM" "HOUR" "MMSS" "TIME" "TIMEAMPM" )) formattype = "TIME";
MPRINT(EMADVISECOLUMNS):   when(tempfmt in ("COMMA" "COMMAX" "DOLLAR" "DOLLARX" "E" "FRACT" "NEGPAREN" "PERCENT")) formattype="QUANTITY";
MPRINT(EMADVISECOLUMNS):   when(tempfmt in ("BINARY" "HEX" "IB" "OCTAL" "PD" "PIB" "PK" "RB" "SSN" "Z" "ZD")) formattype = "CODING";
MPRINT(EMADVISECOLUMNS):   otherwise do;
MPRINT(EMADVISECOLUMNS):   formattype = "USER";
MPRINT(EMADVISECOLUMNS):   if compress(tempfmt, '0123456789.', '') = '' then formattype='NUM';
MPRINT(EMADVISECOLUMNS):   else if substr(tempfmt, 1, 6)='NLDATE' then formattype = "DATE";
MPRINT(EMADVISECOLUMNS):   else if substr(tempfmt, 1, 6)='NLDATM' then formattype = "DATETIME";
MPRINT(EMADVISECOLUMNS):   else if substr(tempfmt, 1, 4)='NLTIM' then formattype = "TIME";
MPRINT(EMADVISECOLUMNS):   else if flen >= 4 then do;
MPRINT(EMADVISECOLUMNS):   str = substr(tempfmt,1,4);
MPRINT(EMADVISECOLUMNS):   if str in ("MMYY" "YYMM" "YYQR") then formattype ="DATE";
MPRINT(EMADVISECOLUMNS):   else if str = "S370" then formattype = "CODING";
MPRINT(EMADVISECOLUMNS):   else if str = "BEST" then formattype = "NUM";
MPRINT(EMADVISECOLUMNS):   drop str;
MPRINT(EMADVISECOLUMNS):   end;
MPRINT(EMADVISECOLUMNS):   else if flen >=3 and substr(tempfmt,1,3) = "YYQ" then formatType = "DATE";
MPRINT(EMADVISECOLUMNS):   end;
MPRINT(EMADVISECOLUMNS):   end;
MPRINT(EMADVISECOLUMNS):   drop flen tempfmt pos;
MPRINT(EMADVISECOLUMNS):   end;
MPRINT(EMADVISECOLUMNS):   else do;
MPRINT(EMADVISECOLUMNS):   formatType = "CATEGORY";
MPRINT(EMADVISECOLUMNS):   end;
MPRINT(EMADVISECOLUMNS):   end;
MPRINT(EMADVISECOLUMNS):   if formatType = "NUM" then do;
MPRINT(EMADVISECOLUMNS):   if index = "Y" then formatType = "DISCRETE";
MPRINT(EMADVISECOLUMNS):   else formatType = "QUANTITY";
MPRINT(EMADVISECOLUMNS):   end;
MPRINT(EMADVISECOLUMNS):   end;
MPRINT(EMADVISECOLUMNS):   if level = ' ' then do;
MPRINT(EMADVISECOLUMNS):   if formatType in ("CATEGORY", "CODING", "ID") or type = "C" then level = "NOMINAL";
MPRINT(EMADVISECOLUMNS):   else level = "INTERVAL";
MPRINT(EMADVISECOLUMNS):   levelAssigned = 1;
MPRINT(EMADVISECOLUMNS):   end;
MPRINT(EMADVISECOLUMNS):   else level = upcase(level);
MPRINT(EMADVISECOLUMNS):   if role = ' ' then do;
MPRINT(EMADVISECOLUMNS):   length name_prefix $8 _uname $64;
MPRINT(EMADVISECOLUMNS):   drop name_prefix _uname _freqflag;
MPRINT(EMADVISECOLUMNS):   retain _freqflag;
MPRINT(EMADVISECOLUMNS):   if LENGTH> 80 then ROLE = 'TEXT';
MPRINT(EMADVISECOLUMNS):   _uname = upcase(NAME);
MPRINT(EMADVISECOLUMNS):   select(_uname);
MPRINT(EMADVISECOLUMNS):   when('_PARTIND_') do;
MPRINT(EMADVISECOLUMNS):   ROLE = 'ID';
MPRINT(EMADVISECOLUMNS):   LEVEL = 'NOMINAL';
MPRINT(EMADVISECOLUMNS):   end;
MPRINT(EMADVISECOLUMNS):   when('_WARN_') ROLE = 'ASSESS';
MPRINT(EMADVISECOLUMNS):   when('EM_SEGMENT') do;
MPRINT(EMADVISECOLUMNS):   ROLE = 'SEGMENT';
MPRINT(EMADVISECOLUMNS):   LEVEL = 'NOMINAL';
MPRINT(EMADVISECOLUMNS):   end;
MPRINT(EMADVISECOLUMNS):   when('_NODE_') do;
MPRINT(EMADVISECOLUMNS):   ROLE = 'SEGMENT';
MPRINT(EMADVISECOLUMNS):   LEVEL = 'NOMINAL';
MPRINT(EMADVISECOLUMNS):   end;
MPRINT(EMADVISECOLUMNS):   when('EM_CLASSTARGET') ROLE = 'ASSESS';
MPRINT(EMADVISECOLUMNS):   when('EM_VALUETARGET') ROLE = 'ASSESS';
MPRINT(EMADVISECOLUMNS):   when('EM_PREDICTION') ROLE = 'PREDICT';
MPRINT(EMADVISECOLUMNS):   when('EM_PROBABILITY') ROLE = 'PREDICT';
MPRINT(EMADVISECOLUMNS):   when('EM_EVENTPROBABILITY') ROLE = 'PREDICT';
MPRINT(EMADVISECOLUMNS):   when('EM_CLASSIFICATION') ROLE = 'CLASSIFICATION';
MPRINT(EMADVISECOLUMNS):   when('EM_DECISION') ROLE = 'DECISION';
MPRINT(EMADVISECOLUMNS):   when('EM_PROFIT') ROLE = 'ASSESS';
MPRINT(EMADVISECOLUMNS):   when('EM_LOSS') ROLE = 'ASSESS';
MPRINT(EMADVISECOLUMNS):   when('EM_ROI') ROLE = 'ASSESS';
MPRINT(EMADVISECOLUMNS):   when('URI') ROLE = 'URL';
MPRINT(EMADVISECOLUMNS):   when('FILTERED') ROLE = 'TEXTLOC';
MPRINT(EMADVISECOLUMNS):   otherwise do;
MPRINT(EMADVISECOLUMNS):   if upcase(NAME) =: 'ZIP' then do;
MPRINT(EMADVISECOLUMNS):   ROLE = 'REJECTED';
MPRINT(EMADVISECOLUMNS):   LEVEL = 'NOMINAL';
MPRINT(EMADVISECOLUMNS):   COMMENT = 'Rejected by: Exceed the maximum class level of %s';
MPRINT(EMADVISECOLUMNS):   end;
MPRINT(EMADVISECOLUMNS):   else if upcase(NAME) in('FREQ', 'FREQUENCY') then do;
MPRINT(EMADVISECOLUMNS):   ROLE = 'FREQ';
MPRINT(EMADVISECOLUMNS):   if TYPE = 'C' then ROLE = 'INPUT';
MPRINT(EMADVISECOLUMNS):   else if _freqflag =1 then ROLE='REJECTED';
MPRINT(EMADVISECOLUMNS):   end;
MPRINT(EMADVISECOLUMNS):   else do;
MPRINT(EMADVISECOLUMNS):   name_prefix = scan(_uname, 1, '_');
MPRINT(EMADVISECOLUMNS):   if scan(_uname, 2, '_') = '' then name_prefix='';
MPRINT(EMADVISECOLUMNS):   if name_prefix in('F', 'I', 'U') then do;
MPRINT(EMADVISECOLUMNS):   ROLE = 'CLASSIFICATION';
MPRINT(EMADVISECOLUMNS):   LEVEL = 'NOMINAL';
MPRINT(EMADVISECOLUMNS):   end;
MPRINT(EMADVISECOLUMNS):   else if name_prefix in('Q') then ROLE = 'ASSESS';
MPRINT(EMADVISECOLUMNS):   else if name_prefix in('P', 'V') then ROLE = 'PREDICT';
MPRINT(EMADVISECOLUMNS):   else if name_prefix in('R', 'RS', 'RT', 'RD', 'RDS', 'RDT', 'RA', 'RAS', 'RAT') then ROLE = 'RESIDUAL';
MPRINT(EMADVISECOLUMNS):   else if name_prefix ='D' then do;
MPRINT(EMADVISECOLUMNS):   ROLE = 'DECISION';
MPRINT(EMADVISECOLUMNS):   LEVEL = 'NOMINAL';
MPRINT(EMADVISECOLUMNS):   end;
MPRINT(EMADVISECOLUMNS):   else if name_prefix ='B' then do;
MPRINT(EMADVISECOLUMNS):   ROLE = 'SEGMENT';
MPRINT(EMADVISECOLUMNS):   LEVEL = 'NOMINAL';
MPRINT(EMADVISECOLUMNS):   end;
MPRINT(EMADVISECOLUMNS):   else if name_prefix in('EP', 'BP', 'CP', 'EL', 'CL', 'BL', 'W', 'ROI', 'IC') then ROLE = 'ASSESS';
MPRINT(EMADVISECOLUMNS):   else do;
MPRINT(EMADVISECOLUMNS):   array _ROLE_ (19) $32 _TEMPORARY_ ('ASSESS','CLASSIFICATION','CENSOR', 'COST', 'CROSSID', 'DECISION', 'ID','INPUT', 'LABEL', 'MISSING','PREDICT','REFERRER','REJECTED', 'RESIDUAL','SEGMENT', 'SEQUENCE','TARGET', 'TEXT', 'TIMEID');
MPRINT(EMADVISECOLUMNS):   drop _found_ i;
MPRINT(EMADVISECOLUMNS):   _found_=0;
MPRINT(EMADVISECOLUMNS):   do i=1 to 19 until(_found_=1);
MPRINT(EMADVISECOLUMNS):   if index(_uname, trim(_ROLE_{i}))=1 then do;
MPRINT(EMADVISECOLUMNS):   ROLE=_ROLE_{i};
MPRINT(EMADVISECOLUMNS):   if ROLE = 'ID' then LEVEL = 'NOMINAL';
MPRINT(EMADVISECOLUMNS):   else if ROLE = 'SEGMENT' then LEVEL = 'NOMINAL';
MPRINT(EMADVISECOLUMNS):   else if ROLE = 'TIMEID' and TYPE='N' then LEVEL = 'INTERVAL';
MPRINT(EMADVISECOLUMNS):   _found_=1;
MPRINT(EMADVISECOLUMNS):   end;
MPRINT(EMADVISECOLUMNS):   end;
MPRINT(EMADVISECOLUMNS):   if length(_uname)>2 then do;
MPRINT(EMADVISECOLUMNS):   if substr(reverse(trim(_uname)), 1, 3) = 'DI_' then do;
MPRINT(EMADVISECOLUMNS):   ROLE = 'ID';
MPRINT(EMADVISECOLUMNS):   LEVEL = 'NOMINAL';
MPRINT(EMADVISECOLUMNS):   end;
MPRINT(EMADVISECOLUMNS):   end;
MPRINT(EMADVISECOLUMNS):   end;
MPRINT(EMADVISECOLUMNS):   end;
MPRINT(EMADVISECOLUMNS):   end;
MPRINT(EMADVISECOLUMNS):   end;
MPRINT(EMADVISECOLUMNS):   if ROLE='FREQ' then _freqflag=1;
MPRINT(EMADVISECOLUMNS):   else if ROLE = 'CLASSIFICATION' then LEVEL = 'NOMINAL';
MPRINT(EMADVISECOLUMNS):   if symexist('RATEMKG_ROLE') then do;
MPRINT(EMADVISECOLUMNS):   if upcase(symget('RATEMKG_ROLE')) in('Y', 'YES') then do;
MPRINT(EMADVISECOLUMNS):   if _uname =: 'POLICY' then ROLE = 'POLICYID';
MPRINT(EMADVISECOLUMNS):   else if _uname in ('PARTITION', '_PARTIND_') then ROLE = 'PARTITION';
MPRINT(EMADVISECOLUMNS):   else if type = 'N' then do;
MPRINT(EMADVISECOLUMNS):   if _uname = 'EXPOSURE' then ROLE = 'EXPOSURE';
MPRINT(EMADVISECOLUMNS):   else if _uname = 'YEAR' then ROLE = 'YEAR';
MPRINT(EMADVISECOLUMNS):   else if _uname = 'WEIGHT' then ROLE = 'WEIGHT';
MPRINT(EMADVISECOLUMNS):   else if _uname = 'OFFSET' then ROLE = 'OFFSET';
MPRINT(EMADVISECOLUMNS):   end;
MPRINT(EMADVISECOLUMNS):   end;
MPRINT(EMADVISECOLUMNS):   end;
MPRINT(EMADVISECOLUMNS):   end;
MPRINT(EMADVISECOLUMNS):   if role = ' ' then do;
MPRINT(EMADVISECOLUMNS):   if formattype in('DATE', 'DATETIME', 'TIME') then role = 'TIMEID';
MPRINT(EMADVISECOLUMNS):   else role = 'INPUT';
MPRINT(EMADVISECOLUMNS):   roleAssigned = 1;
MPRINT(EMADVISECOLUMNS):   end;
MPRINT(EMADVISECOLUMNS):   else role = upcase(role);
MPRINT(EMADVISECOLUMNS):   if REPORT = '' then REPORT = 'N';
MPRINT(EMADVISECOLUMNS):   if symexist('dmwb_product') then do;
MPRINT(EMADVISECOLUMNS):   if upcase(symget('dmwb_product')) = 'FACTORYMINER_DATASOURCE' then do;
MPRINT(EMADVISECOLUMNS):   if ROLE ^in('INPUT', 'TARGET', 'REJECTED', 'SEGMENT', 'FREQ', 'ID', 'KEY') then ROLE='REJECTED';
MPRINT(EMADVISECOLUMNS):   end;
MPRINT(EMADVISECOLUMNS):   end;
MPRINT(EMADVISECOLUMNS):   run;
MPRINT(EMADVISECOLUMNS):    data WORK.M1N36UAV;
MPRINT(EMADVISECOLUMNS):   set WORK.M1N36UAV;
MPRINT(EMADVISECOLUMNS):   label NAME = "Nazwa zmiennej" TYPE = "Typ" ROLE = "Rola" LEVEL= "Poziom miary" ORDER= "Porządek" CREATOR= "Utworzył" FORMATTYPE= "Typ formatu" FAMILY= "Rodzina" DISTRIBUTION= "Rozkład" PRICE= "Cena" LOWERLIMIT= "Dolna granica"
UPPERLIMIT= "Górna granica" REPORT= "Raport" COMMENT= "Komentarz" INDEX= "Indeks" INDEXTYPE= "Typ indeksu" LABEL= "Etykieta" LENGTH= "Długość";
MPRINT(EMADVISECOLUMNS):   drop levelAssigned roleAssigned;
MPRINT(EMADVISECOLUMNS):   run;
MPRINT(EMADVISECOLUMNS):
MPRINT(EM_DIAGRAM):  ;
MPRINT(EM_DIAGRAM):   proc sort data=WORK.COLUMNMETA;
MPRINT(EM_DIAGRAM):   by NAME;
MPRINT(EM_DIAGRAM):   run;
MPRINT(EM_DIAGRAM):   *------------------------------------------------------------*;
MPRINT(EM_DIAGRAM):   * &nodeid: Merge incoming metadata;
MPRINT(EM_DIAGRAM):   *------------------------------------------------------------*;
MPRINT(EM_DIAGRAM):   proc contents data=EMWS1.Ids_DATA noprint out=_temp2(keep=NAME);
MPRINT(EM_DIAGRAM):   run;
MPRINT(EM_DIAGRAM):   proc sort data=_temp2;
MPRINT(EM_DIAGRAM):   by NAME;
MPRINT(EM_DIAGRAM):   run;
MPRINT(EM_DIAGRAM):   proc sort data=EMWS1.Ids_CMeta_DATA out=_temp;
MPRINT(EM_DIAGRAM):   by NAME;
MPRINT(EM_DIAGRAM):   run;
MPRINT(EM_DIAGRAM):   data EMWS1.Part_CMeta_TRAIN;
MPRINT(EM_DIAGRAM):   merge WORK.COLUMNMETA(in=_a) _temp2(in=_b) _temp(drop=FORMAT INFORMAT LENGTH INDEX INDEXTYPE in=_c) end=_eof_;
MPRINT(EM_DIAGRAM):   by NAME;
MPRINT(EM_DIAGRAM):   if (^_a and _b) or (^_c and _a and _b) then delete;
MPRINT(EM_DIAGRAM):   if ^_b then CREATOR = "Part";
MPRINT(EM_DIAGRAM):   *------------------------------------------------------------*;
MPRINT(EM_DIAGRAM):   * Part: Apply Delta Code;
MPRINT(EM_DIAGRAM):   *------------------------------------------------------------*;
MPRINT(EM_DIAGRAM):   if upcase(NAME) = '_DATAOBS_' then ROLE='ID';
MPRINT(EM_DIAGRAM):   run;
MPRINT(EM_DIAGRAM):   filename _delta;
MPRINT(EM_DIAGRAM):    proc printto;
MPRINT(EM_DIAGRAM):   run;
MPRINT(EM_DIAGRAM):    data _null_;
MPRINT(EM_DIAGRAM):   call symput('NLDATE', strip(put(date(), NLDATE.)));
MPRINT(EM_DIAGRAM):   call symput('NLTIME', strip(put(datetime(), NLTIME.)));
MPRINT(EM_DIAGRAM):   run;
MPRINT(EM_DIAGRAM):   data _null_;
MPRINT(EM_DIAGRAM):   nldate= sasmsg("sashelp.dmine", "log_date_note", 'N', "30 grudnia 2016" );
MPRINT(EM_DIAGRAM):   nltime= sasmsg("sashelp.dmine", "log_time_note", 'N', "08:20:56" );
MPRINT(EM_DIAGRAM):   put "*------------------------------------------------------------*";
MPRINT(EM_DIAGRAM):   put "* Log raportu";
MPRINT(EM_DIAGRAM):   put nldate;
MPRINT(EM_DIAGRAM):   put nltime;
MPRINT(EM_DIAGRAM):   put "*------------------------------------------------------------*";
MPRINT(EM_DIAGRAM):   run;
*------------------------------------------------------------*
* Log raportu
Data:                30 grudnia 2016
Czas:                08:20:56
*------------------------------------------------------------*
MPRINT(EM_DIAGRAM):    filename O03MGRGT "C:\Studia\DataMining\SASEM\FrekwencjaWyborcza\Workspaces\EMWS1\Part\EMREPORT.out" encoding="UTF-8" NOBOM;
MPRINT(EM_DIAGRAM):   proc printto print=O03MGRGT new;
MPRINT(EM_DIAGRAM):   run;
MPRINT(EM_DIAGRAM):    data WORK.M03W2WNV;
MPRINT(EM_DIAGRAM):   set WORK.M03W2WNV;
MPRINT(EM_DIAGRAM):   where(ROLE = "TARGET" or ROLE = "FREQ");
MPRINT(EM_DIAGRAM):   run;
17788      *------------------------------------------------------------*;
MPRINT(EM_DIAGRAM):    *------------------------------------------------------------*;
17789      * Part: Wyliczanie statystyk dla klasyfikujących zmiennych celu;
MPRINT(EM_DIAGRAM):   * Part: Wyliczanie statystyk dla klasyfikujących zmiennych celu;
17790      *------------------------------------------------------------*;
MPRINT(EM_DIAGRAM):   *------------------------------------------------------------*;
17791      ods listing close;
MPRINT(EM_DIAGRAM):   ods listing close;
17792      ods output onewayfreqs=WORK.TEMPFREQ;
MPRINT(EM_DIAGRAM):   ods output onewayfreqs=WORK.TEMPFREQ;
17793      proc freq data = EMWS1.Ids_DATA order=formatted addnames;
MPRINT(EM_DIAGRAM):   proc freq data = EMWS1.Ids_DATA order=formatted addnames;
17794      table vote / missing;
MPRINT(EM_DIAGRAM):   table vote / missing;
17795      run;
MPRINT(EM_DIAGRAM):   run;
 
NOTE: View EMWS1.IDS_DATA.VIEW used (Total process time):
      real time           0.19 seconds
      cpu time            0.18 seconds
 
NOTE: There were 2806 observations read from the data set SASUSER.DE_ESS_DM.
NOTE: The data set WORK.TEMPFREQ has 2 observations and 8 variables.
NOTE: There were 2806 observations read from the data set EMWS1.IDS_DATA.
NOTE: PROCEDURE FREQ used (Total process time):
      real time           0.22 seconds
      cpu time            0.20 seconds
 
 
MPRINT(EM_DIAGRAM):   quit;
17796      quit;
17797      ods listing;
MPRINT(EM_DIAGRAM):   ods listing;
17798      data WORK.Part_BAR(keep=_VARIABLE_ TYPE COUNT PERCENT _X_ _XLABEL_);
MPRINT(EM_DIAGRAM):    data WORK.Part_BAR(keep=_VARIABLE_ TYPE COUNT PERCENT _X_ _XLABEL_);
17799      label _VARIABLE_ = "%sysfunc(sasmsg(sashelp.dmine, rpt_variable_vlabel, NOQUOTE))" Type = "%sysfunc(sasmsg(sashelp.dmine, rpt_type_vlabel,         NOQUOTE))" _X_ = "%sysfunc(sasmsg(sashelp.dmine, rpt_numValue_vlabel, NOQUOTE))" _XLABEL_ =
17800         "%sysfunc(sasmsg(sashelp.dmine, rpt_fmtValue_vlabel ,    NOQUOTE))" COUNT = "%sysfunc(sasmsg(sashelp.dmine, rpt_count_vlabel,        NOQUOTE))" PERCENT = "%sysfunc(sasmsg(sashelp.dmine, rpt_percent_vlabel,      NOQUOTE))";
MPRINT(EM_DIAGRAM):   label _VARIABLE_ = "Zmienna" Type = "Typ" _X_ = "Wartość liczbowa" _XLABEL_ = "wartość sformatowana" COUNT = "Liczba wystąpień" PERCENT = "Procent";
17801      dsid = open("WORK.TEMPFREQ");
MPRINT(EM_DIAGRAM):   dsid = open("WORK.TEMPFREQ");
17802      varnum = varnum(dsid, 'VARIABLE');
MPRINT(EM_DIAGRAM):   varnum = varnum(dsid, 'VARIABLE');
17803      freqnum = varnum(dsid, 'FREQUENCY');
MPRINT(EM_DIAGRAM):   freqnum = varnum(dsid, 'FREQUENCY');
17804      pvarnum = varnum(dsid, 'PERCENT');
MPRINT(EM_DIAGRAM):   pvarnum = varnum(dsid, 'PERCENT');
17805      typenum = varnum(dsid, '_TYPE_');
MPRINT(EM_DIAGRAM):   typenum = varnum(dsid, '_TYPE_');
17806      length _VARIABLE_ $32 TYPE $1 _XLABEL_ $32;
MPRINT(EM_DIAGRAM):   length _VARIABLE_ $32 TYPE $1 _XLABEL_ $32;
17807      do while(^fetch(dsid));
MPRINT(EM_DIAGRAM):   do while(^fetch(dsid));
17808      _VARIABLE_ = strip(getvarc(dsid, varnum));
MPRINT(EM_DIAGRAM):   _VARIABLE_ = strip(getvarc(dsid, varnum));
17809      count = getvarn(dsid, freqnum);
MPRINT(EM_DIAGRAM):   count = getvarn(dsid, freqnum);
17810      percent= getvarn(dsid, pvarnum);
MPRINT(EM_DIAGRAM):   percent= getvarn(dsid, pvarnum);
17811      vvarnum = varnum(dsid, _VARIABLE_);
MPRINT(EM_DIAGRAM):   vvarnum = varnum(dsid, _VARIABLE_);
17812      type = vartype(dsid, vvarnum);
MPRINT(EM_DIAGRAM):   type = vartype(dsid, vvarnum);
17813      fvarnum = varnum(dsid, 'F_'!!substr(_VARIABLE_, 1, 30));
MPRINT(EM_DIAGRAM):   fvarnum = varnum(dsid, 'F_'!!substr(_VARIABLE_, 1, 30));
17814      _XLABEL_ = left(getvarc(dsid, fvarnum));
MPRINT(EM_DIAGRAM):   _XLABEL_ = left(getvarc(dsid, fvarnum));
17815      _X_ = .;
MPRINT(EM_DIAGRAM):   _X_ = .;
17816      if TYPE eq 'N' then _X_ = getvarn(dsid, vvarnum);
MPRINT(EM_DIAGRAM):   if TYPE eq 'N' then _X_ = getvarn(dsid, vvarnum);
17817      output;
MPRINT(EM_DIAGRAM):   output;
17818      end;
MPRINT(EM_DIAGRAM):   end;
17819      dsid = close(dsid);
MPRINT(EM_DIAGRAM):   dsid = close(dsid);
17820      run;
MPRINT(EM_DIAGRAM):   run;
 
NOTE: The data set WORK.PART_BAR has 2 observations and 6 variables.
NOTE: DATA statement used (Total process time):
      real time           0.06 seconds
      cpu time            0.04 seconds
 
 
17821      proc sort data=WORK.Part_BAR NOTHREADS;
MPRINT(EM_DIAGRAM):   proc sort data=WORK.Part_BAR NOTHREADS;
17822      by _VARIABLE_;
MPRINT(EM_DIAGRAM):   by _VARIABLE_;
17823      run;
MPRINT(EM_DIAGRAM):   run;
 
NOTE: There were 2 observations read from the data set WORK.PART_BAR.
NOTE: The data set WORK.PART_BAR has 2 observations and 6 variables.
NOTE: PROCEDURE SORT used (Total process time):
      real time           0.02 seconds
      cpu time            0.03 seconds
 
 
17824      proc sort data=WORK.M03W2WNV;
MPRINT(EM_DIAGRAM):   proc sort data=WORK.M03W2WNV;
17825      by Name;
MPRINT(EM_DIAGRAM):   by Name;
17826      run;
MPRINT(EM_DIAGRAM):   run;
 
NOTE: There were 1 observations read from the data set WORK.M03W2WNV.
NOTE: The data set WORK.M03W2WNV has 1 observations and 21 variables.
NOTE: PROCEDURE SORT used (Total process time):
      real time           0.02 seconds
      cpu time            0.01 seconds
 
 
17827      data WORK.Part_BAR;
MPRINT(EM_DIAGRAM):   data WORK.Part_BAR;
17828      merge WORK.Part_BAR(in=_a) WORK.M03W2WNV(keep=Name Label Role rename=(Name=_Variable_ Label=_Label_));
MPRINT(EM_DIAGRAM):   merge WORK.Part_BAR(in=_a) WORK.M03W2WNV(keep=Name Label Role rename=(Name=_Variable_ Label=_Label_));
17829      by _Variable_;
MPRINT(EM_DIAGRAM):   by _Variable_;
17830      label Role = "%sysfunc(sasmsg(sashelp.dmine, meta_role_vlabel ,  NOQUOTE))";
MPRINT(EM_DIAGRAM):   label Role = "Rola";
17831      label Label = "%sysfunc(sasmsg(sashelp.dmine, meta_label_vlabel , NOQUOTE))";
MPRINT(EM_DIAGRAM):   label Label = "Etykieta";
17832      if _a then output;
MPRINT(EM_DIAGRAM):   if _a then output;
17833      run;
MPRINT(EM_DIAGRAM):   run;
 
NOTE: Variable Label is uninitialized.
WARNING: Multiple lengths were specified for the BY variable _VARIABLE_ by input data sets. This might cause unexpected results.
NOTE: There were 2 observations read from the data set WORK.PART_BAR.
NOTE: There were 1 observations read from the data set WORK.M03W2WNV.
NOTE: The data set WORK.PART_BAR has 2 observations and 8 variables.
NOTE: DATA statement used (Total process time):
      real time           0.03 seconds
      cpu time            0.04 seconds
 
 
17834      data EMWS1.Part_CLASS;
MPRINT(EM_DIAGRAM):    data EMWS1.Part_CLASS;
17835      length DATA $8;
MPRINT(EM_DIAGRAM):   length DATA $8;
17836      set WORK.Part_BAR;
MPRINT(EM_DIAGRAM):   set WORK.Part_BAR;
17837      DATA = "DATA";
MPRINT(EM_DIAGRAM):   DATA = "DATA";
17838      run;
MPRINT(EM_DIAGRAM):   run;
 
NOTE: There were 2 observations read from the data set WORK.PART_BAR.
NOTE: The data set EMWS1.PART_CLASS has 2 observations and 9 variables.
NOTE: DATA statement used (Total process time):
      real time           0.01 seconds
      cpu time            0.01 seconds
 
 
17839      *------------------------------------------------------------*;
MPRINT(EM_DIAGRAM):    *------------------------------------------------------------*;
17840      * Part: Wyliczanie statystyk dla przedziałowych zmiennych celu;
MPRINT(EM_DIAGRAM):   * Part: Wyliczanie statystyk dla przedziałowych zmiennych celu;
17841      *------------------------------------------------------------*;
MPRINT(EM_DIAGRAM):   *------------------------------------------------------------*;
17842      *------------------------------------------------------------*;
MPRINT(EM_DIAGRAM):   *------------------------------------------------------------*;
17843      * Part: Wyliczanie statystyk dla klasyfikujących zmiennych celu;
MPRINT(EM_DIAGRAM):   * Part: Wyliczanie statystyk dla klasyfikujących zmiennych celu;
17844      *------------------------------------------------------------*;
MPRINT(EM_DIAGRAM):   *------------------------------------------------------------*;
17845      ods listing close;
MPRINT(EM_DIAGRAM):   ods listing close;
17846      ods output onewayfreqs=WORK.TEMPFREQ;
MPRINT(EM_DIAGRAM):   ods output onewayfreqs=WORK.TEMPFREQ;
17847      proc freq data = EMWS1.Part_TRAIN order=formatted addnames;
MPRINT(EM_DIAGRAM):   proc freq data = EMWS1.Part_TRAIN order=formatted addnames;
17848      table vote / missing;
MPRINT(EM_DIAGRAM):   table vote / missing;
17849      run;
MPRINT(EM_DIAGRAM):   run;
 
NOTE: The data set WORK.TEMPFREQ has 2 observations and 8 variables.
NOTE: There were 1681 observations read from the data set EMWS1.PART_TRAIN.
NOTE: PROCEDURE FREQ used (Total process time):
      real time           0.03 seconds
      cpu time            0.03 seconds
 
 
MPRINT(EM_DIAGRAM):   quit;
17850      quit;
17851      ods listing;
MPRINT(EM_DIAGRAM):   ods listing;
17852      data WORK.Part_BAR(keep=_VARIABLE_ TYPE COUNT PERCENT _X_ _XLABEL_);
MPRINT(EM_DIAGRAM):    data WORK.Part_BAR(keep=_VARIABLE_ TYPE COUNT PERCENT _X_ _XLABEL_);
17853      label _VARIABLE_ = "%sysfunc(sasmsg(sashelp.dmine, rpt_variable_vlabel, NOQUOTE))" Type = "%sysfunc(sasmsg(sashelp.dmine, rpt_type_vlabel,         NOQUOTE))" _X_ = "%sysfunc(sasmsg(sashelp.dmine, rpt_numValue_vlabel, NOQUOTE))" _XLABEL_ =
17854         "%sysfunc(sasmsg(sashelp.dmine, rpt_fmtValue_vlabel ,    NOQUOTE))" COUNT = "%sysfunc(sasmsg(sashelp.dmine, rpt_count_vlabel,        NOQUOTE))" PERCENT = "%sysfunc(sasmsg(sashelp.dmine, rpt_percent_vlabel,      NOQUOTE))";
MPRINT(EM_DIAGRAM):   label _VARIABLE_ = "Zmienna" Type = "Typ" _X_ = "Wartość liczbowa" _XLABEL_ = "wartość sformatowana" COUNT = "Liczba wystąpień" PERCENT = "Procent";
17855      dsid = open("WORK.TEMPFREQ");
MPRINT(EM_DIAGRAM):   dsid = open("WORK.TEMPFREQ");
17856      varnum = varnum(dsid, 'VARIABLE');
MPRINT(EM_DIAGRAM):   varnum = varnum(dsid, 'VARIABLE');
17857      freqnum = varnum(dsid, 'FREQUENCY');
MPRINT(EM_DIAGRAM):   freqnum = varnum(dsid, 'FREQUENCY');
17858      pvarnum = varnum(dsid, 'PERCENT');
MPRINT(EM_DIAGRAM):   pvarnum = varnum(dsid, 'PERCENT');
17859      typenum = varnum(dsid, '_TYPE_');
MPRINT(EM_DIAGRAM):   typenum = varnum(dsid, '_TYPE_');
17860      length _VARIABLE_ $32 TYPE $1 _XLABEL_ $32;
MPRINT(EM_DIAGRAM):   length _VARIABLE_ $32 TYPE $1 _XLABEL_ $32;
17861      do while(^fetch(dsid));
MPRINT(EM_DIAGRAM):   do while(^fetch(dsid));
17862      _VARIABLE_ = strip(getvarc(dsid, varnum));
MPRINT(EM_DIAGRAM):   _VARIABLE_ = strip(getvarc(dsid, varnum));
17863      count = getvarn(dsid, freqnum);
MPRINT(EM_DIAGRAM):   count = getvarn(dsid, freqnum);
17864      percent= getvarn(dsid, pvarnum);
MPRINT(EM_DIAGRAM):   percent= getvarn(dsid, pvarnum);
17865      vvarnum = varnum(dsid, _VARIABLE_);
MPRINT(EM_DIAGRAM):   vvarnum = varnum(dsid, _VARIABLE_);
17866      type = vartype(dsid, vvarnum);
MPRINT(EM_DIAGRAM):   type = vartype(dsid, vvarnum);
17867      fvarnum = varnum(dsid, 'F_'!!substr(_VARIABLE_, 1, 30));
MPRINT(EM_DIAGRAM):   fvarnum = varnum(dsid, 'F_'!!substr(_VARIABLE_, 1, 30));
17868      _XLABEL_ = left(getvarc(dsid, fvarnum));
MPRINT(EM_DIAGRAM):   _XLABEL_ = left(getvarc(dsid, fvarnum));
17869      _X_ = .;
MPRINT(EM_DIAGRAM):   _X_ = .;
17870      if TYPE eq 'N' then _X_ = getvarn(dsid, vvarnum);
MPRINT(EM_DIAGRAM):   if TYPE eq 'N' then _X_ = getvarn(dsid, vvarnum);
17871      output;
MPRINT(EM_DIAGRAM):   output;
17872      end;
MPRINT(EM_DIAGRAM):   end;
17873      dsid = close(dsid);
MPRINT(EM_DIAGRAM):   dsid = close(dsid);
17874      run;
MPRINT(EM_DIAGRAM):   run;
 
NOTE: The data set WORK.PART_BAR has 2 observations and 6 variables.
NOTE: DATA statement used (Total process time):
      real time           0.05 seconds
      cpu time            0.06 seconds
 
 
17875      proc sort data=WORK.Part_BAR NOTHREADS;
MPRINT(EM_DIAGRAM):   proc sort data=WORK.Part_BAR NOTHREADS;
17876      by _VARIABLE_;
MPRINT(EM_DIAGRAM):   by _VARIABLE_;
17877      run;
MPRINT(EM_DIAGRAM):   run;
 
NOTE: There were 2 observations read from the data set WORK.PART_BAR.
NOTE: The data set WORK.PART_BAR has 2 observations and 6 variables.
NOTE: PROCEDURE SORT used (Total process time):
      real time           0.02 seconds
      cpu time            0.01 seconds
 
 
17878      proc sort data=WORK.M03W2WNV;
MPRINT(EM_DIAGRAM):   proc sort data=WORK.M03W2WNV;
17879      by Name;
MPRINT(EM_DIAGRAM):   by Name;
17880      run;
MPRINT(EM_DIAGRAM):   run;
 
NOTE: Input data set is already sorted, no sorting done.
NOTE: PROCEDURE SORT used (Total process time):
      real time           0.00 seconds
      cpu time            0.00 seconds
 
 
17881      data WORK.Part_BAR;
MPRINT(EM_DIAGRAM):   data WORK.Part_BAR;
17882      merge WORK.Part_BAR(in=_a) WORK.M03W2WNV(keep=Name Label Role rename=(Name=_Variable_ Label=_Label_));
MPRINT(EM_DIAGRAM):   merge WORK.Part_BAR(in=_a) WORK.M03W2WNV(keep=Name Label Role rename=(Name=_Variable_ Label=_Label_));
17883      by _Variable_;
MPRINT(EM_DIAGRAM):   by _Variable_;
17884      label Role = "%sysfunc(sasmsg(sashelp.dmine, meta_role_vlabel ,  NOQUOTE))";
MPRINT(EM_DIAGRAM):   label Role = "Rola";
17885      label Label = "%sysfunc(sasmsg(sashelp.dmine, meta_label_vlabel , NOQUOTE))";
MPRINT(EM_DIAGRAM):   label Label = "Etykieta";
17886      if _a then output;
MPRINT(EM_DIAGRAM):   if _a then output;
17887      run;
MPRINT(EM_DIAGRAM):   run;
 
NOTE: Variable Label is uninitialized.
WARNING: Multiple lengths were specified for the BY variable _VARIABLE_ by input data sets. This might cause unexpected results.
NOTE: There were 2 observations read from the data set WORK.PART_BAR.
NOTE: There were 1 observations read from the data set WORK.M03W2WNV.
NOTE: The data set WORK.PART_BAR has 2 observations and 8 variables.
NOTE: DATA statement used (Total process time):
      real time           0.04 seconds
      cpu time            0.04 seconds
 
 
17888      data WORK.Part_BAR;
MPRINT(EM_DIAGRAM):    data WORK.Part_BAR;
17889      length DATA $8;
MPRINT(EM_DIAGRAM):   length DATA $8;
17890      set WORK.Part_BAR;
MPRINT(EM_DIAGRAM):   set WORK.Part_BAR;
17891      DATA = "TRAIN";
MPRINT(EM_DIAGRAM):   DATA = "TRAIN";
17892      run;
MPRINT(EM_DIAGRAM):   run;
 
NOTE: There were 2 observations read from the data set WORK.PART_BAR.
NOTE: The data set WORK.PART_BAR has 2 observations and 9 variables.
NOTE: DATA statement used (Total process time):
      real time           0.02 seconds
      cpu time            0.03 seconds
 
 
17893      data EMWS1.Part_CLASS;
MPRINT(EM_DIAGRAM):   data EMWS1.Part_CLASS;
17894      set EMWS1.Part_CLASS WORK.Part_BAR;
MPRINT(EM_DIAGRAM):   set EMWS1.Part_CLASS WORK.Part_BAR;
17895      run;
MPRINT(EM_DIAGRAM):   run;
 
NOTE: There were 2 observations read from the data set EMWS1.PART_CLASS.
NOTE: There were 2 observations read from the data set WORK.PART_BAR.
NOTE: The data set EMWS1.PART_CLASS has 4 observations and 9 variables.
NOTE: DATA statement used (Total process time):
      real time           0.02 seconds
      cpu time            0.03 seconds
 
 
17896      *------------------------------------------------------------*;
MPRINT(EM_DIAGRAM):    *------------------------------------------------------------*;
17897      * Part: Wyliczanie statystyk dla przedziałowych zmiennych celu;
MPRINT(EM_DIAGRAM):   * Part: Wyliczanie statystyk dla przedziałowych zmiennych celu;
17898      *------------------------------------------------------------*;
MPRINT(EM_DIAGRAM):   *------------------------------------------------------------*;
17899      *------------------------------------------------------------*;
MPRINT(EM_DIAGRAM):   *------------------------------------------------------------*;
17900      * Part: Wyliczanie statystyk dla klasyfikujących zmiennych celu;
MPRINT(EM_DIAGRAM):   * Part: Wyliczanie statystyk dla klasyfikujących zmiennych celu;
17901      *------------------------------------------------------------*;
MPRINT(EM_DIAGRAM):   *------------------------------------------------------------*;
17902      ods listing close;
MPRINT(EM_DIAGRAM):   ods listing close;
17903      ods output onewayfreqs=WORK.TEMPFREQ;
MPRINT(EM_DIAGRAM):   ods output onewayfreqs=WORK.TEMPFREQ;
17904      proc freq data = EMWS1.Part_VALIDATE order=formatted addnames;
MPRINT(EM_DIAGRAM):   proc freq data = EMWS1.Part_VALIDATE order=formatted addnames;
17905      table vote / missing;
MPRINT(EM_DIAGRAM):   table vote / missing;
17906      run;
MPRINT(EM_DIAGRAM):   run;
 
NOTE: The data set WORK.TEMPFREQ has 2 observations and 8 variables.
NOTE: There were 561 observations read from the data set EMWS1.PART_VALIDATE.
NOTE: PROCEDURE FREQ used (Total process time):
      real time           0.03 seconds
      cpu time            0.04 seconds
 
 
MPRINT(EM_DIAGRAM):   quit;
17907      quit;
17908      ods listing;
MPRINT(EM_DIAGRAM):   ods listing;
17909      data WORK.Part_BAR(keep=_VARIABLE_ TYPE COUNT PERCENT _X_ _XLABEL_);
MPRINT(EM_DIAGRAM):    data WORK.Part_BAR(keep=_VARIABLE_ TYPE COUNT PERCENT _X_ _XLABEL_);
17910      label _VARIABLE_ = "%sysfunc(sasmsg(sashelp.dmine, rpt_variable_vlabel, NOQUOTE))" Type = "%sysfunc(sasmsg(sashelp.dmine, rpt_type_vlabel,         NOQUOTE))" _X_ = "%sysfunc(sasmsg(sashelp.dmine, rpt_numValue_vlabel, NOQUOTE))" _XLABEL_ =
17911         "%sysfunc(sasmsg(sashelp.dmine, rpt_fmtValue_vlabel ,    NOQUOTE))" COUNT = "%sysfunc(sasmsg(sashelp.dmine, rpt_count_vlabel,        NOQUOTE))" PERCENT = "%sysfunc(sasmsg(sashelp.dmine, rpt_percent_vlabel,      NOQUOTE))";
MPRINT(EM_DIAGRAM):   label _VARIABLE_ = "Zmienna" Type = "Typ" _X_ = "Wartość liczbowa" _XLABEL_ = "wartość sformatowana" COUNT = "Liczba wystąpień" PERCENT = "Procent";
17912      dsid = open("WORK.TEMPFREQ");
MPRINT(EM_DIAGRAM):   dsid = open("WORK.TEMPFREQ");
17913      varnum = varnum(dsid, 'VARIABLE');
MPRINT(EM_DIAGRAM):   varnum = varnum(dsid, 'VARIABLE');
17914      freqnum = varnum(dsid, 'FREQUENCY');
MPRINT(EM_DIAGRAM):   freqnum = varnum(dsid, 'FREQUENCY');
17915      pvarnum = varnum(dsid, 'PERCENT');
MPRINT(EM_DIAGRAM):   pvarnum = varnum(dsid, 'PERCENT');
17916      typenum = varnum(dsid, '_TYPE_');
MPRINT(EM_DIAGRAM):   typenum = varnum(dsid, '_TYPE_');
17917      length _VARIABLE_ $32 TYPE $1 _XLABEL_ $32;
MPRINT(EM_DIAGRAM):   length _VARIABLE_ $32 TYPE $1 _XLABEL_ $32;
17918      do while(^fetch(dsid));
MPRINT(EM_DIAGRAM):   do while(^fetch(dsid));
17919      _VARIABLE_ = strip(getvarc(dsid, varnum));
MPRINT(EM_DIAGRAM):   _VARIABLE_ = strip(getvarc(dsid, varnum));
17920      count = getvarn(dsid, freqnum);
MPRINT(EM_DIAGRAM):   count = getvarn(dsid, freqnum);
17921      percent= getvarn(dsid, pvarnum);
MPRINT(EM_DIAGRAM):   percent= getvarn(dsid, pvarnum);
17922      vvarnum = varnum(dsid, _VARIABLE_);
MPRINT(EM_DIAGRAM):   vvarnum = varnum(dsid, _VARIABLE_);
17923      type = vartype(dsid, vvarnum);
MPRINT(EM_DIAGRAM):   type = vartype(dsid, vvarnum);
17924      fvarnum = varnum(dsid, 'F_'!!substr(_VARIABLE_, 1, 30));
MPRINT(EM_DIAGRAM):   fvarnum = varnum(dsid, 'F_'!!substr(_VARIABLE_, 1, 30));
17925      _XLABEL_ = left(getvarc(dsid, fvarnum));
MPRINT(EM_DIAGRAM):   _XLABEL_ = left(getvarc(dsid, fvarnum));
17926      _X_ = .;
MPRINT(EM_DIAGRAM):   _X_ = .;
17927      if TYPE eq 'N' then _X_ = getvarn(dsid, vvarnum);
MPRINT(EM_DIAGRAM):   if TYPE eq 'N' then _X_ = getvarn(dsid, vvarnum);
17928      output;
MPRINT(EM_DIAGRAM):   output;
17929      end;
MPRINT(EM_DIAGRAM):   end;
17930      dsid = close(dsid);
MPRINT(EM_DIAGRAM):   dsid = close(dsid);
17931      run;
MPRINT(EM_DIAGRAM):   run;
 
NOTE: The data set WORK.PART_BAR has 2 observations and 6 variables.
NOTE: DATA statement used (Total process time):
      real time           0.05 seconds
      cpu time            0.06 seconds
 
 
17932      proc sort data=WORK.Part_BAR NOTHREADS;
MPRINT(EM_DIAGRAM):   proc sort data=WORK.Part_BAR NOTHREADS;
17933      by _VARIABLE_;
MPRINT(EM_DIAGRAM):   by _VARIABLE_;
17934      run;
MPRINT(EM_DIAGRAM):   run;
 
NOTE: There were 2 observations read from the data set WORK.PART_BAR.
NOTE: The data set WORK.PART_BAR has 2 observations and 6 variables.
NOTE: PROCEDURE SORT used (Total process time):
      real time           0.02 seconds
      cpu time            0.03 seconds
 
 
17935      proc sort data=WORK.M03W2WNV;
MPRINT(EM_DIAGRAM):   proc sort data=WORK.M03W2WNV;
17936      by Name;
MPRINT(EM_DIAGRAM):   by Name;
17937      run;
MPRINT(EM_DIAGRAM):   run;
 
NOTE: Input data set is already sorted, no sorting done.
NOTE: PROCEDURE SORT used (Total process time):
      real time           0.00 seconds
      cpu time            0.00 seconds
 
 
17938      data WORK.Part_BAR;
MPRINT(EM_DIAGRAM):   data WORK.Part_BAR;
17939      merge WORK.Part_BAR(in=_a) WORK.M03W2WNV(keep=Name Label Role rename=(Name=_Variable_ Label=_Label_));
MPRINT(EM_DIAGRAM):   merge WORK.Part_BAR(in=_a) WORK.M03W2WNV(keep=Name Label Role rename=(Name=_Variable_ Label=_Label_));
17940      by _Variable_;
MPRINT(EM_DIAGRAM):   by _Variable_;
17941      label Role = "%sysfunc(sasmsg(sashelp.dmine, meta_role_vlabel ,  NOQUOTE))";
MPRINT(EM_DIAGRAM):   label Role = "Rola";
17942      label Label = "%sysfunc(sasmsg(sashelp.dmine, meta_label_vlabel , NOQUOTE))";
MPRINT(EM_DIAGRAM):   label Label = "Etykieta";
17943      if _a then output;
MPRINT(EM_DIAGRAM):   if _a then output;
17944      run;
MPRINT(EM_DIAGRAM):   run;
 
NOTE: Variable Label is uninitialized.
WARNING: Multiple lengths were specified for the BY variable _VARIABLE_ by input data sets. This might cause unexpected results.
NOTE: There were 2 observations read from the data set WORK.PART_BAR.
NOTE: There were 1 observations read from the data set WORK.M03W2WNV.
NOTE: The data set WORK.PART_BAR has 2 observations and 8 variables.
NOTE: DATA statement used (Total process time):
      real time           0.04 seconds
      cpu time            0.03 seconds
 
 
17945      data WORK.Part_BAR;
MPRINT(EM_DIAGRAM):    data WORK.Part_BAR;
17946      length DATA $8;
MPRINT(EM_DIAGRAM):   length DATA $8;
17947      set WORK.Part_BAR;
MPRINT(EM_DIAGRAM):   set WORK.Part_BAR;
17948      DATA = "VALIDATE";
MPRINT(EM_DIAGRAM):   DATA = "VALIDATE";
17949      run;
MPRINT(EM_DIAGRAM):   run;
 
NOTE: There were 2 observations read from the data set WORK.PART_BAR.
NOTE: The data set WORK.PART_BAR has 2 observations and 9 variables.
NOTE: DATA statement used (Total process time):
      real time           0.02 seconds
      cpu time            0.03 seconds
 
 
17950      data EMWS1.Part_CLASS;
MPRINT(EM_DIAGRAM):   data EMWS1.Part_CLASS;
17951      set EMWS1.Part_CLASS WORK.Part_BAR;
MPRINT(EM_DIAGRAM):   set EMWS1.Part_CLASS WORK.Part_BAR;
17952      run;
MPRINT(EM_DIAGRAM):   run;
 
NOTE: There were 4 observations read from the data set EMWS1.PART_CLASS.
NOTE: There were 2 observations read from the data set WORK.PART_BAR.
NOTE: The data set EMWS1.PART_CLASS has 6 observations and 9 variables.
NOTE: DATA statement used (Total process time):
      real time           0.02 seconds
      cpu time            0.03 seconds
 
 
17953      *------------------------------------------------------------*;
MPRINT(EM_DIAGRAM):    *------------------------------------------------------------*;
17954      * Part: Wyliczanie statystyk dla przedziałowych zmiennych celu;
MPRINT(EM_DIAGRAM):   * Part: Wyliczanie statystyk dla przedziałowych zmiennych celu;
17955      *------------------------------------------------------------*;
MPRINT(EM_DIAGRAM):   *------------------------------------------------------------*;
17956      *------------------------------------------------------------*;
MPRINT(EM_DIAGRAM):   *------------------------------------------------------------*;
17957      * Part: Wyliczanie statystyk dla klasyfikujących zmiennych celu;
MPRINT(EM_DIAGRAM):   * Part: Wyliczanie statystyk dla klasyfikujących zmiennych celu;
17958      *------------------------------------------------------------*;
MPRINT(EM_DIAGRAM):   *------------------------------------------------------------*;
17959      ods listing close;
MPRINT(EM_DIAGRAM):   ods listing close;
17960      ods output onewayfreqs=WORK.TEMPFREQ;
MPRINT(EM_DIAGRAM):   ods output onewayfreqs=WORK.TEMPFREQ;
17961      proc freq data = EMWS1.Part_TEST order=formatted addnames;
MPRINT(EM_DIAGRAM):   proc freq data = EMWS1.Part_TEST order=formatted addnames;
17962      table vote / missing;
MPRINT(EM_DIAGRAM):   table vote / missing;
17963      run;
MPRINT(EM_DIAGRAM):   run;
 
NOTE: The data set WORK.TEMPFREQ has 2 observations and 8 variables.
NOTE: There were 564 observations read from the data set EMWS1.PART_TEST.
NOTE: PROCEDURE FREQ used (Total process time):
      real time           0.03 seconds
      cpu time            0.03 seconds
 
 
MPRINT(EM_DIAGRAM):   quit;
17964      quit;
17965      ods listing;
MPRINT(EM_DIAGRAM):   ods listing;
17966      data WORK.Part_BAR(keep=_VARIABLE_ TYPE COUNT PERCENT _X_ _XLABEL_);
MPRINT(EM_DIAGRAM):    data WORK.Part_BAR(keep=_VARIABLE_ TYPE COUNT PERCENT _X_ _XLABEL_);
17967      label _VARIABLE_ = "%sysfunc(sasmsg(sashelp.dmine, rpt_variable_vlabel, NOQUOTE))" Type = "%sysfunc(sasmsg(sashelp.dmine, rpt_type_vlabel,         NOQUOTE))" _X_ = "%sysfunc(sasmsg(sashelp.dmine, rpt_numValue_vlabel, NOQUOTE))" _XLABEL_ =
17968         "%sysfunc(sasmsg(sashelp.dmine, rpt_fmtValue_vlabel ,    NOQUOTE))" COUNT = "%sysfunc(sasmsg(sashelp.dmine, rpt_count_vlabel,        NOQUOTE))" PERCENT = "%sysfunc(sasmsg(sashelp.dmine, rpt_percent_vlabel,      NOQUOTE))";
MPRINT(EM_DIAGRAM):   label _VARIABLE_ = "Zmienna" Type = "Typ" _X_ = "Wartość liczbowa" _XLABEL_ = "wartość sformatowana" COUNT = "Liczba wystąpień" PERCENT = "Procent";
17969      dsid = open("WORK.TEMPFREQ");
MPRINT(EM_DIAGRAM):   dsid = open("WORK.TEMPFREQ");
17970      varnum = varnum(dsid, 'VARIABLE');
MPRINT(EM_DIAGRAM):   varnum = varnum(dsid, 'VARIABLE');
17971      freqnum = varnum(dsid, 'FREQUENCY');
MPRINT(EM_DIAGRAM):   freqnum = varnum(dsid, 'FREQUENCY');
17972      pvarnum = varnum(dsid, 'PERCENT');
MPRINT(EM_DIAGRAM):   pvarnum = varnum(dsid, 'PERCENT');
17973      typenum = varnum(dsid, '_TYPE_');
MPRINT(EM_DIAGRAM):   typenum = varnum(dsid, '_TYPE_');
17974      length _VARIABLE_ $32 TYPE $1 _XLABEL_ $32;
MPRINT(EM_DIAGRAM):   length _VARIABLE_ $32 TYPE $1 _XLABEL_ $32;
17975      do while(^fetch(dsid));
MPRINT(EM_DIAGRAM):   do while(^fetch(dsid));
17976      _VARIABLE_ = strip(getvarc(dsid, varnum));
MPRINT(EM_DIAGRAM):   _VARIABLE_ = strip(getvarc(dsid, varnum));
17977      count = getvarn(dsid, freqnum);
MPRINT(EM_DIAGRAM):   count = getvarn(dsid, freqnum);
17978      percent= getvarn(dsid, pvarnum);
MPRINT(EM_DIAGRAM):   percent= getvarn(dsid, pvarnum);
17979      vvarnum = varnum(dsid, _VARIABLE_);
MPRINT(EM_DIAGRAM):   vvarnum = varnum(dsid, _VARIABLE_);
17980      type = vartype(dsid, vvarnum);
MPRINT(EM_DIAGRAM):   type = vartype(dsid, vvarnum);
17981      fvarnum = varnum(dsid, 'F_'!!substr(_VARIABLE_, 1, 30));
MPRINT(EM_DIAGRAM):   fvarnum = varnum(dsid, 'F_'!!substr(_VARIABLE_, 1, 30));
17982      _XLABEL_ = left(getvarc(dsid, fvarnum));
MPRINT(EM_DIAGRAM):   _XLABEL_ = left(getvarc(dsid, fvarnum));
17983      _X_ = .;
MPRINT(EM_DIAGRAM):   _X_ = .;
17984      if TYPE eq 'N' then _X_ = getvarn(dsid, vvarnum);
MPRINT(EM_DIAGRAM):   if TYPE eq 'N' then _X_ = getvarn(dsid, vvarnum);
17985      output;
MPRINT(EM_DIAGRAM):   output;
17986      end;
MPRINT(EM_DIAGRAM):   end;
17987      dsid = close(dsid);
MPRINT(EM_DIAGRAM):   dsid = close(dsid);
17988      run;
MPRINT(EM_DIAGRAM):   run;
 
NOTE: The data set WORK.PART_BAR has 2 observations and 6 variables.
NOTE: DATA statement used (Total process time):
      real time           0.05 seconds
      cpu time            0.06 seconds
 
 
17989      proc sort data=WORK.Part_BAR NOTHREADS;
MPRINT(EM_DIAGRAM):   proc sort data=WORK.Part_BAR NOTHREADS;
17990      by _VARIABLE_;
MPRINT(EM_DIAGRAM):   by _VARIABLE_;
17991      run;
MPRINT(EM_DIAGRAM):   run;
 
NOTE: There were 2 observations read from the data set WORK.PART_BAR.
NOTE: The data set WORK.PART_BAR has 2 observations and 6 variables.
NOTE: PROCEDURE SORT used (Total process time):
      real time           0.02 seconds
      cpu time            0.03 seconds
 
 
17992      proc sort data=WORK.M03W2WNV;
MPRINT(EM_DIAGRAM):   proc sort data=WORK.M03W2WNV;
17993      by Name;
MPRINT(EM_DIAGRAM):   by Name;
17994      run;
MPRINT(EM_DIAGRAM):   run;
 
NOTE: Input data set is already sorted, no sorting done.
NOTE: PROCEDURE SORT used (Total process time):
      real time           0.00 seconds
      cpu time            0.00 seconds
 
 
17995      data WORK.Part_BAR;
MPRINT(EM_DIAGRAM):   data WORK.Part_BAR;
17996      merge WORK.Part_BAR(in=_a) WORK.M03W2WNV(keep=Name Label Role rename=(Name=_Variable_ Label=_Label_));
MPRINT(EM_DIAGRAM):   merge WORK.Part_BAR(in=_a) WORK.M03W2WNV(keep=Name Label Role rename=(Name=_Variable_ Label=_Label_));
17997      by _Variable_;
MPRINT(EM_DIAGRAM):   by _Variable_;
17998      label Role = "%sysfunc(sasmsg(sashelp.dmine, meta_role_vlabel ,  NOQUOTE))";
MPRINT(EM_DIAGRAM):   label Role = "Rola";
17999      label Label = "%sysfunc(sasmsg(sashelp.dmine, meta_label_vlabel , NOQUOTE))";
MPRINT(EM_DIAGRAM):   label Label = "Etykieta";
18000      if _a then output;
MPRINT(EM_DIAGRAM):   if _a then output;
18001      run;
MPRINT(EM_DIAGRAM):   run;
 
NOTE: Variable Label is uninitialized.
WARNING: Multiple lengths were specified for the BY variable _VARIABLE_ by input data sets. This might cause unexpected results.
NOTE: There were 2 observations read from the data set WORK.PART_BAR.
NOTE: There were 1 observations read from the data set WORK.M03W2WNV.
NOTE: The data set WORK.PART_BAR has 2 observations and 8 variables.
NOTE: DATA statement used (Total process time):
      real time           0.03 seconds
      cpu time            0.04 seconds
 
 
18002      data WORK.Part_BAR;
MPRINT(EM_DIAGRAM):    data WORK.Part_BAR;
18003      length DATA $8;
MPRINT(EM_DIAGRAM):   length DATA $8;
18004      set WORK.Part_BAR;
MPRINT(EM_DIAGRAM):   set WORK.Part_BAR;
18005      DATA = "TEST";
MPRINT(EM_DIAGRAM):   DATA = "TEST";
18006      run;
MPRINT(EM_DIAGRAM):   run;
 
NOTE: There were 2 observations read from the data set WORK.PART_BAR.
NOTE: The data set WORK.PART_BAR has 2 observations and 9 variables.
NOTE: DATA statement used (Total process time):
      real time           0.02 seconds
      cpu time            0.01 seconds
 
 
18007      data EMWS1.Part_CLASS;
MPRINT(EM_DIAGRAM):   data EMWS1.Part_CLASS;
18008      set EMWS1.Part_CLASS WORK.Part_BAR;
MPRINT(EM_DIAGRAM):   set EMWS1.Part_CLASS WORK.Part_BAR;
18009      run;
MPRINT(EM_DIAGRAM):   run;
 
NOTE: There were 6 observations read from the data set EMWS1.PART_CLASS.
NOTE: There were 2 observations read from the data set WORK.PART_BAR.
NOTE: The data set EMWS1.PART_CLASS has 8 observations and 9 variables.
NOTE: DATA statement used (Total process time):
      real time           0.02 seconds
      cpu time            0.00 seconds
 
 
18010      *------------------------------------------------------------*;
MPRINT(EM_DIAGRAM):    *------------------------------------------------------------*;
18011      * Part: Wyliczanie statystyk dla przedziałowych zmiennych celu;
MPRINT(EM_DIAGRAM):   * Part: Wyliczanie statystyk dla przedziałowych zmiennych celu;
18012      *------------------------------------------------------------*;
MPRINT(EM_DIAGRAM):   *------------------------------------------------------------*;
18013      data EMWS1.Part_CLASS(rename=(_VARIABLE_=VARIABLE _X_=VALUE _XLABEL_=FORMATTEDVALUE));
MPRINT(EM_DIAGRAM):   data EMWS1.Part_CLASS(rename=(_VARIABLE_=VARIABLE _X_=VALUE _XLABEL_=FORMATTEDVALUE));
18014      label DATA = "%sysfunc(sasmsg(sashelp.dmine, rpt_data_vlabel ,   NOQUOTE))";
MPRINT(EM_DIAGRAM):   label DATA = "Dane";
18015      set EMWS1.Part_CLASS;
MPRINT(EM_DIAGRAM):   set EMWS1.Part_CLASS;
18016      drop type role;
MPRINT(EM_DIAGRAM):   drop type role;
18017      run;
MPRINT(EM_DIAGRAM):   run;
 
NOTE: There were 8 observations read from the data set EMWS1.PART_CLASS.
NOTE: The data set EMWS1.PART_CLASS has 8 observations and 7 variables.
NOTE: DATA statement used (Total process time):
      real time           0.02 seconds
      cpu time            0.03 seconds
 
 
18018      proc sort data=EMWS1.Part_CLASS NOTHREADS;
MPRINT(EM_DIAGRAM):   proc sort data=EMWS1.Part_CLASS NOTHREADS;
18019      by DATA;
MPRINT(EM_DIAGRAM):   by DATA;
18020      run;
MPRINT(EM_DIAGRAM):   run;
 
NOTE: There were 8 observations read from the data set EMWS1.PART_CLASS.
NOTE: The data set EMWS1.PART_CLASS has 8 observations and 7 variables.
NOTE: PROCEDURE SORT used (Total process time):
      real time           0.02 seconds
      cpu time            0.01 seconds
 
 
18021      %let _cn = %sysfunc(getoption(CENTER));
18022      %let _nb = %sysfunc(getoption(NUMBER));
18023      options nonumber nocenter;
MPRINT(EM_DIAGRAM):   options nonumber nocenter;
18024      proc print data=EMWS1.Part_CLASS noobs label;
MPRINT(EM_DIAGRAM):   proc print data=EMWS1.Part_CLASS noobs label;
18025      by DATA;
MPRINT(EM_DIAGRAM):   by DATA;
18026      title9 ' ';
MPRINT(EM_DIAGRAM):   title9 ' ';
18027      title10 "%sysfunc(sasmsg(sashelp.dmine, rpt_classTargetStats_title, NOQUOTE))";
MPRINT(EM_DIAGRAM):   title10 "Statystyki opisowe klasyfikujących zmiennych celu";
MPRINT(EM_DIAGRAM):   run;
18028      run;
 
NOTE: There were 8 observations read from the data set EMWS1.PART_CLASS.
NOTE: The PROCEDURE PRINT printed page 3.
NOTE: PROCEDURE PRINT used (Total process time):
      real time           0.04 seconds
      cpu time            0.01 seconds
 
 
18029      title10;
MPRINT(EM_DIAGRAM):   title10;
18030      options &_cn &_nb;
MPRINT(EM_DIAGRAM):   options NOCENTER NONUMBER;
MPRINT(EM_DIAGRAM):    proc printto;
MPRINT(EM_DIAGRAM):   run;
